<?xml version="1.0" encoding="UTF-8"?>
<robot generator="Robot 4.0 (Python 3.9.2 on win32)" generated="20210409 12:26:41.649" rpa="false" schemaversion="2">
<suite id="s1" name="BasicSearch3" source="C:\Users\sun90\Documents\Pycharm\src\github.com\sarkarsun\PycharmProject\Tests\eBay\BasicSearch3.robot">
<test id="s1-t1" name="Verify basic search functionality for eBay">
<kw name="Start TestCase" library="eBay_CommonFunctionality" type="SETUP">
<kw name="Open Browser" library="SeleniumLibrary">
<arg>https://www.ebay.com/</arg>
<arg>chrome</arg>
<doc>Opens a new browser instance to the optional ``url``.</doc>
<msg timestamp="20210409 12:26:42.000" level="INFO">Opening browser 'chrome' to base url 'https://www.ebay.com/'.</msg>
<status status="PASS" starttime="20210409 12:26:42.000" endtime="20210409 12:26:45.787"/>
</kw>
<kw name="Maximize Browser Window" library="SeleniumLibrary">
<doc>Maximizes current browser window.</doc>
<status status="PASS" starttime="20210409 12:26:45.788" endtime="20210409 12:26:45.968"/>
</kw>
<status status="PASS" starttime="20210409 12:26:42.000" endtime="20210409 12:26:45.968"/>
</kw>
<kw name="Input Search Text and Click Search" library="HeaderPage">
<kw name="Input Text" library="SeleniumLibrary">
<arg>id:gh-ac</arg>
<arg>mobile</arg>
<doc>Types the given ``text`` into the text field identified by ``locator``.</doc>
<msg timestamp="20210409 12:26:45.988" level="INFO">Typing text 'mobile' into text field 'id:gh-ac'.</msg>
<status status="PASS" starttime="20210409 12:26:45.987" endtime="20210409 12:26:46.330"/>
</kw>
<kw name="Press Keys" library="SeleniumLibrary">
<arg>id:gh-btn</arg>
<arg>[Return]</arg>
<doc>Simulates the user pressing key(s) to an element or on the active browser.</doc>
<msg timestamp="20210409 12:26:46.331" level="INFO">Sending key(s) ('[Return]',) to id:gh-btn element.</msg>
<msg timestamp="20210409 12:26:49.382" level="INFO">Sending keys [Return]</msg>
<status status="PASS" starttime="20210409 12:26:46.330" endtime="20210409 12:26:49.416"/>
</kw>
<status status="PASS" starttime="20210409 12:26:45.986" endtime="20210409 12:26:49.417"/>
</kw>
<kw name="Verify Search Results" library="SearchResultsPage">
<kw name="Page Should Contain" library="SeleniumLibrary">
<arg>results for mobile</arg>
<doc>Verifies that current page contains ``text``.</doc>
<msg timestamp="20210409 12:26:49.488" level="INFO">Current page contains text 'results for mobile'.</msg>
<status status="PASS" starttime="20210409 12:26:49.419" endtime="20210409 12:26:49.488"/>
</kw>
<status status="PASS" starttime="20210409 12:26:49.418" endtime="20210409 12:26:49.489"/>
</kw>
<kw name="Finish TestCase" library="eBay_CommonFunctionality" type="TEARDOWN">
<kw name="Close Browser" library="SeleniumLibrary">
<doc>Closes the current browser.</doc>
<status status="PASS" starttime="20210409 12:26:49.490" endtime="20210409 12:26:51.834"/>
</kw>
<status status="PASS" starttime="20210409 12:26:49.489" endtime="20210409 12:26:51.834"/>
</kw>
<doc>This test case verifies the basic search</doc>
<tag>Functional</tag>
<status status="PASS" starttime="20210409 12:26:42.000" endtime="20210409 12:26:51.834"/>
</test>
<test id="s1-t2" name="Verify Advanced search functionality for eBay">
<kw name="Start TestCase" library="eBay_CommonFunctionality" type="SETUP">
<kw name="Open Browser" library="SeleniumLibrary">
<arg>https://www.ebay.com/</arg>
<arg>chrome</arg>
<doc>Opens a new browser instance to the optional ``url``.</doc>
<msg timestamp="20210409 12:26:51.843" level="INFO">Opening browser 'chrome' to base url 'https://www.ebay.com/'.</msg>
<status status="PASS" starttime="20210409 12:26:51.843" endtime="20210409 12:26:55.657"/>
</kw>
<kw name="Maximize Browser Window" library="SeleniumLibrary">
<doc>Maximizes current browser window.</doc>
<status status="PASS" starttime="20210409 12:26:55.658" endtime="20210409 12:26:55.828"/>
</kw>
<status status="PASS" starttime="20210409 12:26:51.843" endtime="20210409 12:26:55.829"/>
</kw>
<kw name="Click on Advanced Search Link" library="HeaderPage">
<kw name="Click Element" library="SeleniumLibrary">
<arg>id:gh-as-a</arg>
<doc>Click the element identified by ``locator``.</doc>
<msg timestamp="20210409 12:26:55.831" level="INFO">Clicking element 'id:gh-as-a'.</msg>
<status status="PASS" starttime="20210409 12:26:55.830" endtime="20210409 12:26:57.211"/>
</kw>
<status status="PASS" starttime="20210409 12:26:55.829" endtime="20210409 12:26:57.212"/>
</kw>
<kw name="Finish TestCase" library="eBay_CommonFunctionality" type="TEARDOWN">
<kw name="Close Browser" library="SeleniumLibrary">
<doc>Closes the current browser.</doc>
<status status="PASS" starttime="20210409 12:26:57.215" endtime="20210409 12:26:59.465"/>
</kw>
<status status="PASS" starttime="20210409 12:26:57.214" endtime="20210409 12:26:59.465"/>
</kw>
<doc>This test case verifies the Advanced search</doc>
<tag>Functional</tag>
<status status="PASS" starttime="20210409 12:26:51.838" endtime="20210409 12:26:59.468"/>
</test>
<doc>Basic Search Functionality</doc>
<status status="PASS" starttime="20210409 12:26:41.649" endtime="20210409 12:26:59.473"/>
</suite>
<statistics>
<total>
<stat pass="2" fail="0" skip="0">All Tests</stat>
</total>
<tag>
<stat pass="2" fail="0" skip="0">Functional</stat>
</tag>
<suite>
<stat pass="2" fail="0" skip="0" id="s1" name="BasicSearch3">BasicSearch3</stat>
</suite>
</statistics>
<errors>
</errors>
</robot>
