<?xml version="1.0" encoding="UTF-8"?>
<robot generator="Robot 4.0 (Python 3.9.2 on win32)" generated="20210409 09:51:51.713" rpa="false" schemaversion="2">
<suite id="s1" name="BasicSearch4" source="C:\Users\sun90\Documents\Pycharm\src\github.com\sarkarsun\PycharmProject\Tests\Amazon\BasicSearch4.robot">
<test id="s1-t1" name="Verify basic search functionality for Amazon">
<kw name="Start TestCase" library="CommonFunctionality">
<kw name="Open Browser" library="SeleniumLibrary">
<arg>https://www.amazon.de/</arg>
<arg>chrome</arg>
<doc>Opens a new browser instance to the optional ``url``.</doc>
<msg timestamp="20210409 09:51:52.186" level="INFO">Opening browser 'chrome' to base url 'https://www.amazon.de/'.</msg>
<status status="PASS" starttime="20210409 09:51:52.186" endtime="20210409 09:51:57.476"/>
</kw>
<kw name="Maximize Browser Window" library="SeleniumLibrary">
<doc>Maximizes current browser window.</doc>
<status status="PASS" starttime="20210409 09:51:57.476" endtime="20210409 09:51:58.511"/>
</kw>
<status status="PASS" starttime="20210409 09:51:52.186" endtime="20210409 09:51:58.511"/>
</kw>
<kw name="Verify Search Results" library="Amazon_UserDefinedKeywords">
<kw name="Input Text" library="SeleniumLibrary">
<arg>id:twotabsearchtextbox</arg>
<arg>iphone 12 pro</arg>
<doc>Types the given ``text`` into the text field identified by ``locator``.</doc>
<msg timestamp="20210409 09:51:58.516" level="INFO">Typing text 'iphone 12 pro' into text field 'id:twotabsearchtextbox'.</msg>
<status status="PASS" starttime="20210409 09:51:58.516" endtime="20210409 09:51:58.819"/>
</kw>
<kw name="Press Keys" library="SeleniumLibrary">
<arg>id: nav-search-submit-button</arg>
<arg>[Return]</arg>
<doc>Simulates the user pressing key(s) to an element or on the active browser.</doc>
<msg timestamp="20210409 09:51:58.819" level="INFO">Sending key(s) ('[Return]',) to id: nav-search-submit-button element.</msg>
<msg timestamp="20210409 09:52:01.616" level="INFO">Sending keys [Return]</msg>
<status status="PASS" starttime="20210409 09:51:58.819" endtime="20210409 09:52:01.666"/>
</kw>
<kw name="Page Should Contain" library="SeleniumLibrary">
<arg>iphone 12 pro</arg>
<doc>Verifies that current page contains ``text``.</doc>
<msg timestamp="20210409 09:52:02.228" level="INFO">Current page contains text 'iphone 12 pro'.</msg>
<status status="PASS" starttime="20210409 09:52:01.666" endtime="20210409 09:52:02.228"/>
</kw>
<status status="PASS" starttime="20210409 09:51:58.516" endtime="20210409 09:52:02.228"/>
</kw>
<kw name="Finish TestCase" library="CommonFunctionality">
<kw name="Close Browser" library="SeleniumLibrary">
<doc>Closes the current browser.</doc>
<status status="PASS" starttime="20210409 09:52:02.233" endtime="20210409 09:52:06.385"/>
</kw>
<status status="PASS" starttime="20210409 09:52:02.233" endtime="20210409 09:52:06.385"/>
</kw>
<doc>This test case verifies the basic search</doc>
<tag>Functional</tag>
<status status="PASS" starttime="20210409 09:51:52.186" endtime="20210409 09:52:06.385"/>
</test>
<doc>Basic Search Functionality</doc>
<status status="PASS" starttime="20210409 09:51:51.718" endtime="20210409 09:52:06.395"/>
</suite>
<statistics>
<total>
<stat pass="1" fail="0" skip="0">All Tests</stat>
</total>
<tag>
<stat pass="1" fail="0" skip="0">Functional</stat>
</tag>
<suite>
<stat pass="1" fail="0" skip="0" id="s1" name="BasicSearch4">BasicSearch4</stat>
</suite>
</statistics>
<errors>
</errors>
</robot>
