<?xml version="1.0" encoding="UTF-8"?>
<robot generator="Robot 4.0 (Python 3.9.2 on win32)" generated="20210406 15:46:50.999" rpa="false" schemaversion="2">
<suite id="s1" name="BasicSearch" source="C:\Users\sun90\Documents\Pycharm\src\github.com\sarkarsun\PycharmProject\Tests\Amazon\BasicSearch.robot">
<test id="s1-t1" name="Verify basic search functionality for eBay">
<kw name="Start TestCase">
<kw name="Open Browser" library="SeleniumLibrary">
<arg>https://www.amazon.de/</arg>
<arg>chrome</arg>
<doc>Opens a new browser instance to the optional ``url``.</doc>
<msg timestamp="20210406 15:46:51.515" level="INFO">Opening browser 'chrome' to base url 'https://www.amazon.de/'.</msg>
<status status="PASS" starttime="20210406 15:46:51.515" endtime="20210406 15:46:56.267"/>
</kw>
<kw name="Maximize Browser Window" library="SeleniumLibrary">
<doc>Maximizes current browser window.</doc>
<status status="PASS" starttime="20210406 15:46:56.267" endtime="20210406 15:46:57.111"/>
</kw>
<status status="PASS" starttime="20210406 15:46:51.515" endtime="20210406 15:46:57.111"/>
</kw>
<kw name="Verify Search Results">
<kw name="Input Text" library="SeleniumLibrary">
<arg>id:twotabsearchtextbox</arg>
<arg>iphone 12 pro</arg>
<doc>Types the given ``text`` into the text field identified by ``locator``.</doc>
<msg timestamp="20210406 15:46:57.111" level="INFO">Typing text 'iphone 12 pro' into text field 'id:twotabsearchtextbox'.</msg>
<status status="PASS" starttime="20210406 15:46:57.111" endtime="20210406 15:46:59.316"/>
</kw>
<kw name="Press Keys" library="SeleniumLibrary">
<arg>id: nav-search-submit-button</arg>
<arg>[Return]</arg>
<doc>Simulates the user pressing key(s) to an element or on the active browser.</doc>
<msg timestamp="20210406 15:46:59.316" level="INFO">Sending key(s) ('[Return]',) to id: nav-search-submit-button element.</msg>
<msg timestamp="20210406 15:47:02.723" level="INFO">Sending keys [Return]</msg>
<status status="PASS" starttime="20210406 15:46:59.316" endtime="20210406 15:47:02.863"/>
</kw>
<kw name="Page Should Contain" library="SeleniumLibrary">
<arg>iphone 12 pro</arg>
<doc>Verifies that current page contains ``text``.</doc>
<msg timestamp="20210406 15:47:02.928" level="INFO">Current page contains text 'iphone 12 pro'.</msg>
<status status="PASS" starttime="20210406 15:47:02.863" endtime="20210406 15:47:02.928"/>
</kw>
<status status="PASS" starttime="20210406 15:46:57.111" endtime="20210406 15:47:02.928"/>
</kw>
<kw name="Finish TestCase">
<kw name="Close Browser" library="SeleniumLibrary">
<doc>Closes the current browser.</doc>
<status status="PASS" starttime="20210406 15:47:02.928" endtime="20210406 15:47:05.337"/>
</kw>
<status status="PASS" starttime="20210406 15:47:02.928" endtime="20210406 15:47:05.337"/>
</kw>
<doc>This test case verifies the basic search</doc>
<tag>Functional</tag>
<status status="PASS" starttime="20210406 15:46:51.515" endtime="20210406 15:47:05.337"/>
</test>
<doc>Basic Search Functionality</doc>
<status status="PASS" starttime="20210406 15:46:51.004" endtime="20210406 15:47:05.347"/>
</suite>
<statistics>
<total>
<stat pass="1" fail="0" skip="0">All Tests</stat>
</total>
<tag>
<stat pass="1" fail="0" skip="0">Functional</stat>
</tag>
<suite>
<stat pass="1" fail="0" skip="0" id="s1" name="BasicSearch">BasicSearch</stat>
</suite>
</statistics>
<errors>
</errors>
</robot>
