<?xml version="1.0" encoding="UTF-8"?>
<robot generator="Robot 4.0 (Python 3.9.2 on win32)" generated="20210417 14:17:01.420" rpa="false" schemaversion="2">
<suite id="s1" name="WorkingWithList" source="C:\Users\sun90\Documents\Pycharm\src\github.com\sarkarsun\PycharmProject\Tests\WorkingWithLists\WorkingWithList.robot">
<test id="s1-t1" name="Verify basic functionality for Webelements">
<kw name="Open Browser" library="SeleniumLibrary">
<arg>${url}</arg>
<arg>${browser}</arg>
<doc>Opens a new browser instance to the optional ``url``.</doc>
<msg timestamp="20210417 14:17:01.761" level="INFO">Opening browser 'chrome' to base url 'https://www.sugarcrm.com/uk/request-demo/'.</msg>
<status status="PASS" starttime="20210417 14:17:01.760" endtime="20210417 14:17:05.473"/>
</kw>
<kw name="Maximize Browser Window" library="SeleniumLibrary">
<doc>Maximizes current browser window.</doc>
<status status="PASS" starttime="20210417 14:17:05.474" endtime="20210417 14:17:05.684"/>
</kw>
<kw name="Sleep" library="BuiltIn">
<arg>4s</arg>
<doc>Pauses the test executed for the given time.</doc>
<msg timestamp="20210417 14:17:09.689" level="INFO">Slept 4 seconds</msg>
<status status="PASS" starttime="20210417 14:17:05.685" endtime="20210417 14:17:09.690"/>
</kw>
<kw name="Scroll Element Into View" library="SeleniumLibrary">
<arg>xpath://*[@id="field1"]/div/input</arg>
<doc>Scrolls the element identified by ``locator`` into view.</doc>
<status status="PASS" starttime="20210417 14:17:09.691" endtime="20210417 14:17:10.022"/>
</kw>
<kw name="Sleep" library="BuiltIn">
<arg>4s</arg>
<doc>Pauses the test executed for the given time.</doc>
<msg timestamp="20210417 14:17:14.026" level="INFO">Slept 4 seconds</msg>
<status status="PASS" starttime="20210417 14:17:10.023" endtime="20210417 14:17:14.026"/>
</kw>
<kw name="Page Should Contain List" library="SeleniumLibrary">
<arg>xpath://*[@id="field27"]/div/select</arg>
<doc>Verifies selection list ``locator`` is found from current page.</doc>
<msg timestamp="20210417 14:17:14.046" level="INFO">Current page contains list 'xpath://*[@id="field27"]/div/select'.</msg>
<status status="PASS" starttime="20210417 14:17:14.026" endtime="20210417 14:17:14.051"/>
</kw>
<kw name="Page Should Not Contain List" library="SeleniumLibrary">
<arg>xpath://*[@id="field27"]/div/selectt</arg>
<doc>Verifies selection list ``locator`` is not found from current page.</doc>
<msg timestamp="20210417 14:17:14.066" level="INFO">Current page does not contain list 'xpath://*[@id="field27"]/div/selectt'.</msg>
<status status="PASS" starttime="20210417 14:17:14.051" endtime="20210417 14:17:14.066"/>
</kw>
<kw name="Get List Items" library="SeleniumLibrary">
<var>@{allItems}</var>
<arg>xpath://*[@id="field27"]/div/select</arg>
<doc>Returns all labels or values of selection list ``locator``.</doc>
<msg timestamp="20210417 14:17:14.281" level="INFO">@{allItems} = [ Company Size* | 1 – 10 employees | 11 – 50 employees | 51 – 100 employees | 101 – 250 employees | 251 – 500 employees | 501 – 1,000 employees | 1,001 – 2,500 employees | 2,501 – 5,000 employees | 5,...</msg>
<status status="PASS" starttime="20210417 14:17:14.066" endtime="20210417 14:17:14.281"/>
</kw>
<kw name="Get Selected List Labels" library="SeleniumLibrary">
<var>${ListLabel}</var>
<arg>xpath://*[@id="field27"]/div/select</arg>
<doc>Returns labels of selected options from selection list ``locator``.</doc>
<msg timestamp="20210417 14:17:14.446" level="INFO">${ListLabel} = ['Company Size*']</msg>
<status status="PASS" starttime="20210417 14:17:14.281" endtime="20210417 14:17:14.446"/>
</kw>
<kw name="Get Selected List Value" library="SeleniumLibrary">
<var>${ListValue}</var>
<arg>xpath://*[@id="field27"]/div/select</arg>
<doc>Returns the value of selected option from selection list ``locator``.</doc>
<msg timestamp="20210417 14:17:14.491" level="INFO">${ListValue} = </msg>
<status status="PASS" starttime="20210417 14:17:14.446" endtime="20210417 14:17:14.491"/>
</kw>
<kw name="Capture Page Screenshot" library="SeleniumLibrary">
<doc>Takes a screenshot of the current page and embeds it into a log file.</doc>
<msg timestamp="20210417 14:17:14.930" level="INFO" html="true">&lt;/td&gt;&lt;/tr&gt;&lt;tr&gt;&lt;td colspan="3"&gt;&lt;a href="selenium-screenshot-9.png"&gt;&lt;img src="selenium-screenshot-9.png" width="800px"&gt;&lt;/a&gt;</msg>
<status status="PASS" starttime="20210417 14:17:14.491" endtime="20210417 14:17:14.930"/>
</kw>
<kw name="List Selection Should Be" library="SeleniumLibrary">
<arg>xpath://*[@id="field27"]/div/select</arg>
<arg>Company Size*</arg>
<doc>Verifies selection list ``locator`` has ``expected`` options selected.</doc>
<msg timestamp="20210417 14:17:14.930" level="INFO">Verifying list 'xpath://*[@id="field27"]/div/select' has option [ Company Size* ] selected.</msg>
<msg timestamp="20210417 14:17:14.945" level="INFO">Current page contains list 'xpath://*[@id="field27"]/div/select'.</msg>
<status status="PASS" starttime="20210417 14:17:14.930" endtime="20210417 14:17:15.070"/>
</kw>
<kw name="Select From List By Index" library="SeleniumLibrary">
<arg>xpath://*[@id="field27"]/div/select</arg>
<arg>1</arg>
<doc>Selects options from selection list ``locator`` by ``indexes``.</doc>
<msg timestamp="20210417 14:17:15.075" level="INFO">Selecting options from selection list 'xpath://*[@id="field27"]/div/select' by index 1.</msg>
<status status="PASS" starttime="20210417 14:17:15.070" endtime="20210417 14:17:15.172"/>
</kw>
<kw name="Get Selected List Label" library="SeleniumLibrary">
<var>${LLabel1}</var>
<arg>xpath://*[@id="field27"]/div/select</arg>
<doc>Returns the label of selected option from selection list ``locator``.</doc>
<msg timestamp="20210417 14:17:15.260" level="INFO">${LLabel1} = 1 – 10 employees</msg>
<status status="PASS" starttime="20210417 14:17:15.173" endtime="20210417 14:17:15.260"/>
</kw>
<kw name="Capture Page Screenshot" library="SeleniumLibrary">
<doc>Takes a screenshot of the current page and embeds it into a log file.</doc>
<msg timestamp="20210417 14:17:15.773" level="INFO" html="true">&lt;/td&gt;&lt;/tr&gt;&lt;tr&gt;&lt;td colspan="3"&gt;&lt;a href="selenium-screenshot-10.png"&gt;&lt;img src="selenium-screenshot-10.png" width="800px"&gt;&lt;/a&gt;</msg>
<status status="PASS" starttime="20210417 14:17:15.260" endtime="20210417 14:17:15.773"/>
</kw>
<kw name="Sleep" library="BuiltIn">
<arg>2s</arg>
<doc>Pauses the test executed for the given time.</doc>
<msg timestamp="20210417 14:17:17.783" level="INFO">Slept 2 seconds</msg>
<status status="PASS" starttime="20210417 14:17:15.773" endtime="20210417 14:17:17.783"/>
</kw>
<kw name="Select From List By Label" library="SeleniumLibrary">
<arg>xpath://*[@id="field27"]/div/select</arg>
<arg>101 – 250 employees</arg>
<doc>Selects options from selection list ``locator`` by ``labels``.</doc>
<msg timestamp="20210417 14:17:17.783" level="INFO">Selecting options from selection list 'xpath://*[@id="field27"]/div/select' by label 101 – 250 employees.</msg>
<status status="PASS" starttime="20210417 14:17:17.783" endtime="20210417 14:17:17.870"/>
</kw>
<kw name="Get Selected List Label" library="SeleniumLibrary">
<var>${LLabel2}</var>
<arg>xpath://*[@id="field27"]/div/select</arg>
<doc>Returns the label of selected option from selection list ``locator``.</doc>
<msg timestamp="20210417 14:17:17.977" level="INFO">${LLabel2} = 101 – 250 employees</msg>
<status status="PASS" starttime="20210417 14:17:17.871" endtime="20210417 14:17:17.977"/>
</kw>
<kw name="Capture Page Screenshot" library="SeleniumLibrary">
<doc>Takes a screenshot of the current page and embeds it into a log file.</doc>
<msg timestamp="20210417 14:17:18.439" level="INFO" html="true">&lt;/td&gt;&lt;/tr&gt;&lt;tr&gt;&lt;td colspan="3"&gt;&lt;a href="selenium-screenshot-11.png"&gt;&lt;img src="selenium-screenshot-11.png" width="800px"&gt;&lt;/a&gt;</msg>
<status status="PASS" starttime="20210417 14:17:17.977" endtime="20210417 14:17:18.439"/>
</kw>
<kw name="Sleep" library="BuiltIn">
<arg>2s</arg>
<doc>Pauses the test executed for the given time.</doc>
<msg timestamp="20210417 14:17:20.453" level="INFO">Slept 2 seconds</msg>
<status status="PASS" starttime="20210417 14:17:18.439" endtime="20210417 14:17:20.453"/>
</kw>
<kw name="Select From List By Value" library="SeleniumLibrary">
<arg>xpath://*[@id="field27"]/div/select</arg>
<arg>level7</arg>
<doc>Selects options from selection list ``locator`` by ``values``.</doc>
<msg timestamp="20210417 14:17:20.453" level="INFO">Selecting options from selection list 'xpath://*[@id="field27"]/div/select' by value level7.</msg>
<status status="PASS" starttime="20210417 14:17:20.453" endtime="20210417 14:17:20.559"/>
</kw>
<kw name="Get Selected List Label" library="SeleniumLibrary">
<var>${LLabel3}</var>
<arg>xpath://*[@id="field27"]/div/select</arg>
<doc>Returns the label of selected option from selection list ``locator``.</doc>
<msg timestamp="20210417 14:17:20.695" level="INFO">${LLabel3} = 1,001 – 2,500 employees</msg>
<status status="PASS" starttime="20210417 14:17:20.561" endtime="20210417 14:17:20.695"/>
</kw>
<kw name="Capture Page Screenshot" library="SeleniumLibrary">
<doc>Takes a screenshot of the current page and embeds it into a log file.</doc>
<msg timestamp="20210417 14:17:21.281" level="INFO" html="true">&lt;/td&gt;&lt;/tr&gt;&lt;tr&gt;&lt;td colspan="3"&gt;&lt;a href="selenium-screenshot-12.png"&gt;&lt;img src="selenium-screenshot-12.png" width="800px"&gt;&lt;/a&gt;</msg>
<status status="PASS" starttime="20210417 14:17:20.695" endtime="20210417 14:17:21.281"/>
</kw>
<kw name="Sleep" library="BuiltIn">
<arg>2s</arg>
<doc>Pauses the test executed for the given time.</doc>
<msg timestamp="20210417 14:17:23.301" level="INFO">Slept 2 seconds</msg>
<status status="PASS" starttime="20210417 14:17:21.281" endtime="20210417 14:17:23.301"/>
</kw>
<kw name="Go To" library="SeleniumLibrary">
<arg>https://www.w3schools.com/tags/tryit.asp?filename=tryhtml_select_multiple</arg>
<doc>Navigates the current browser window to the provided ``url``.</doc>
<msg timestamp="20210417 14:17:23.301" level="INFO">Opening url 'https://www.w3schools.com/tags/tryit.asp?filename=tryhtml_select_multiple'</msg>
<status status="PASS" starttime="20210417 14:17:23.301" endtime="20210417 14:17:25.108"/>
</kw>
<kw name="Select Frame" library="SeleniumLibrary">
<arg>id:iframeResult</arg>
<doc>Sets frame identified by ``locator`` as the current frame.</doc>
<msg timestamp="20210417 14:17:25.109" level="INFO">Selecting frame 'id:iframeResult'.</msg>
<status status="PASS" starttime="20210417 14:17:25.109" endtime="20210417 14:17:25.156"/>
</kw>
<kw name="Select All From List" library="SeleniumLibrary">
<arg>xpath://*[@id="cars"]</arg>
<doc>Selects all options from multi-selection list ``locator``.</doc>
<msg timestamp="20210417 14:17:25.158" level="INFO">Selecting all options from list 'xpath://*[@id="cars"]'.</msg>
<status status="PASS" starttime="20210417 14:17:25.157" endtime="20210417 14:17:25.537"/>
</kw>
<kw name="Capture Page Screenshot" library="SeleniumLibrary">
<doc>Takes a screenshot of the current page and embeds it into a log file.</doc>
<msg timestamp="20210417 14:17:25.880" level="INFO" html="true">&lt;/td&gt;&lt;/tr&gt;&lt;tr&gt;&lt;td colspan="3"&gt;&lt;a href="selenium-screenshot-13.png"&gt;&lt;img src="selenium-screenshot-13.png" width="800px"&gt;&lt;/a&gt;</msg>
<status status="PASS" starttime="20210417 14:17:25.538" endtime="20210417 14:17:25.880"/>
</kw>
<kw name="Sleep" library="BuiltIn">
<arg>2s</arg>
<doc>Pauses the test executed for the given time.</doc>
<msg timestamp="20210417 14:17:27.880" level="INFO">Slept 2 seconds</msg>
<status status="PASS" starttime="20210417 14:17:25.880" endtime="20210417 14:17:27.880"/>
</kw>
<kw name="Get Selected List Labels" library="SeleniumLibrary">
<var>@{ListLabels}</var>
<arg>xpath://*[@id="cars"]</arg>
<doc>Returns labels of selected options from selection list ``locator``.</doc>
<msg timestamp="20210417 14:17:28.013" level="INFO">@{ListLabels} = [ Volvo | Saab | Opel | Audi ]</msg>
<status status="PASS" starttime="20210417 14:17:27.880" endtime="20210417 14:17:28.013"/>
</kw>
<kw name="Capture Page Screenshot" library="SeleniumLibrary">
<doc>Takes a screenshot of the current page and embeds it into a log file.</doc>
<msg timestamp="20210417 14:17:28.416" level="INFO" html="true">&lt;/td&gt;&lt;/tr&gt;&lt;tr&gt;&lt;td colspan="3"&gt;&lt;a href="selenium-screenshot-14.png"&gt;&lt;img src="selenium-screenshot-14.png" width="800px"&gt;&lt;/a&gt;</msg>
<status status="PASS" starttime="20210417 14:17:28.013" endtime="20210417 14:17:28.416"/>
</kw>
<kw name="Sleep" library="BuiltIn">
<arg>2s</arg>
<doc>Pauses the test executed for the given time.</doc>
<msg timestamp="20210417 14:17:30.426" level="INFO">Slept 2 seconds</msg>
<status status="PASS" starttime="20210417 14:17:28.421" endtime="20210417 14:17:30.426"/>
</kw>
<kw name="Unselect From List By Value" library="SeleniumLibrary">
<arg>xpath://*[@id="cars"]</arg>
<arg>volvo</arg>
<doc>Unselects options from selection list ``locator`` by ``values``.</doc>
<msg timestamp="20210417 14:17:30.431" level="INFO">Un-selecting options from selection list 'xpath://*[@id="cars"]' by value volvo.</msg>
<status status="PASS" starttime="20210417 14:17:30.426" endtime="20210417 14:17:30.548"/>
</kw>
<kw name="Sleep" library="BuiltIn">
<arg>2s</arg>
<doc>Pauses the test executed for the given time.</doc>
<msg timestamp="20210417 14:17:32.555" level="INFO">Slept 2 seconds</msg>
<status status="PASS" starttime="20210417 14:17:30.549" endtime="20210417 14:17:32.555"/>
</kw>
<kw name="Unselect From List By Index" library="SeleniumLibrary">
<arg>xpath://*[@id="cars"]</arg>
<arg>3</arg>
<doc>Unselects options from selection list ``locator`` by ``indexes``.</doc>
<msg timestamp="20210417 14:17:32.555" level="INFO">Un-selecting options from selection list 'xpath://*[@id="cars"]' by index 3.</msg>
<status status="PASS" starttime="20210417 14:17:32.555" endtime="20210417 14:17:32.652"/>
</kw>
<kw name="Sleep" library="BuiltIn">
<arg>2s</arg>
<doc>Pauses the test executed for the given time.</doc>
<msg timestamp="20210417 14:17:34.672" level="INFO">Slept 2 seconds</msg>
<status status="PASS" starttime="20210417 14:17:32.656" endtime="20210417 14:17:34.672"/>
</kw>
<kw name="Unselect From List By Label" library="SeleniumLibrary">
<arg>xpath://*[@id="cars"]</arg>
<arg>Audi</arg>
<doc>Unselects options from selection list ``locator`` by ``labels``.</doc>
<msg timestamp="20210417 14:17:34.674" level="INFO">Un-selecting options from selection list 'xpath://*[@id="cars"]' by label Audi.</msg>
<status status="PASS" starttime="20210417 14:17:34.674" endtime="20210417 14:17:34.774"/>
</kw>
<kw name="Sleep" library="BuiltIn">
<arg>2s</arg>
<doc>Pauses the test executed for the given time.</doc>
<msg timestamp="20210417 14:17:36.783" level="INFO">Slept 2 seconds</msg>
<status status="PASS" starttime="20210417 14:17:34.774" endtime="20210417 14:17:36.783"/>
</kw>
<kw name="Get Selected List Values" library="SeleniumLibrary">
<var>@{ListValues}</var>
<arg>xpath://*[@id="cars"]</arg>
<doc>Returns values of selected options from selection list ``locator``.</doc>
<msg timestamp="20210417 14:17:36.898" level="INFO">@{ListValues} = [ saab | opel ]</msg>
<status status="PASS" starttime="20210417 14:17:36.783" endtime="20210417 14:17:36.898"/>
</kw>
<kw name="Capture Page Screenshot" library="SeleniumLibrary">
<doc>Takes a screenshot of the current page and embeds it into a log file.</doc>
<msg timestamp="20210417 14:17:37.199" level="INFO" html="true">&lt;/td&gt;&lt;/tr&gt;&lt;tr&gt;&lt;td colspan="3"&gt;&lt;a href="selenium-screenshot-15.png"&gt;&lt;img src="selenium-screenshot-15.png" width="800px"&gt;&lt;/a&gt;</msg>
<status status="PASS" starttime="20210417 14:17:36.898" endtime="20210417 14:17:37.199"/>
</kw>
<kw name="Sleep" library="BuiltIn">
<arg>2s</arg>
<doc>Pauses the test executed for the given time.</doc>
<msg timestamp="20210417 14:17:39.208" level="INFO">Slept 2 seconds</msg>
<status status="PASS" starttime="20210417 14:17:37.204" endtime="20210417 14:17:39.208"/>
</kw>
<kw name="Unselect All From List" library="SeleniumLibrary">
<arg>xpath://*[@id="cars"]</arg>
<doc>Unselects all options from multi-selection list ``locator``.</doc>
<msg timestamp="20210417 14:17:39.213" level="INFO">Unselecting all options from list 'xpath://*[@id="cars"]'.</msg>
<status status="PASS" starttime="20210417 14:17:39.208" endtime="20210417 14:17:39.503"/>
</kw>
<kw name="Sleep" library="BuiltIn">
<arg>2s</arg>
<doc>Pauses the test executed for the given time.</doc>
<msg timestamp="20210417 14:17:41.513" level="INFO">Slept 2 seconds</msg>
<status status="PASS" starttime="20210417 14:17:39.504" endtime="20210417 14:17:41.513"/>
</kw>
<kw name="List Should Have No Selections" library="SeleniumLibrary">
<arg>xpath://*[@id="cars"]</arg>
<doc>Verifies selection list ``locator`` has no options selected.</doc>
<msg timestamp="20210417 14:17:41.513" level="INFO">Verifying list 'xpath://*[@id="cars"]' has no selections.</msg>
<status status="PASS" starttime="20210417 14:17:41.513" endtime="20210417 14:17:41.570"/>
</kw>
<kw name="Capture Page Screenshot" library="SeleniumLibrary">
<doc>Takes a screenshot of the current page and embeds it into a log file.</doc>
<msg timestamp="20210417 14:17:41.838" level="INFO" html="true">&lt;/td&gt;&lt;/tr&gt;&lt;tr&gt;&lt;td colspan="3"&gt;&lt;a href="selenium-screenshot-16.png"&gt;&lt;img src="selenium-screenshot-16.png" width="800px"&gt;&lt;/a&gt;</msg>
<status status="PASS" starttime="20210417 14:17:41.570" endtime="20210417 14:17:41.838"/>
</kw>
<kw name="Close Browser" library="SeleniumLibrary">
<doc>Closes the current browser.</doc>
<status status="PASS" starttime="20210417 14:17:41.838" endtime="20210417 14:17:44.158"/>
</kw>
<doc>This test case verifies the functionality of the Lists</doc>
<tag>Functional</tag>
<status status="PASS" starttime="20210417 14:17:01.758" endtime="20210417 14:17:44.158"/>
</test>
<doc>Basic Functionality</doc>
<status status="PASS" starttime="20210417 14:17:01.425" endtime="20210417 14:17:44.158"/>
</suite>
<statistics>
<total>
<stat pass="1" fail="0" skip="0">All Tests</stat>
</total>
<tag>
<stat pass="1" fail="0" skip="0">Functional</stat>
</tag>
<suite>
<stat pass="1" fail="0" skip="0" id="s1" name="WorkingWithList">WorkingWithList</stat>
</suite>
</statistics>
<errors>
</errors>
</robot>
