<?xml version="1.0" encoding="UTF-8"?>
<robot generator="Robot 4.0 (Python 3.9.2 on win32)" generated="20210417 13:13:23.368" rpa="false" schemaversion="2">
<suite id="s1" name="WorkingWithFrame" source="C:\Users\sun90\Documents\Pycharm\src\github.com\sarkarsun\PycharmProject\Tests\WorkingWithFrames\WorkingWithFrame.robot">
<test id="s1-t1" name="Verify basic functionality for Webelements">
<kw name="Open Browser" library="SeleniumLibrary">
<arg>https://www.w3schools.com/html/tryit.asp?filename=tryhtml_default</arg>
<arg>chrome</arg>
<doc>Opens a new browser instance to the optional ``url``.</doc>
<msg timestamp="20210417 13:13:23.823" level="INFO">Opening browser 'chrome' to base url 'https://www.w3schools.com/html/tryit.asp?filename=tryhtml_default'.</msg>
<status status="PASS" starttime="20210417 13:13:23.823" endtime="20210417 13:13:26.959"/>
</kw>
<kw name="Maximize Browser Window" library="SeleniumLibrary">
<doc>Maximizes current browser window.</doc>
<status status="PASS" starttime="20210417 13:13:26.961" endtime="20210417 13:13:27.100"/>
</kw>
<kw name="Sleep" library="BuiltIn">
<arg>4s</arg>
<doc>Pauses the test executed for the given time.</doc>
<msg timestamp="20210417 13:13:31.115" level="INFO">Slept 4 seconds</msg>
<status status="PASS" starttime="20210417 13:13:27.101" endtime="20210417 13:13:31.115"/>
</kw>
<kw name="Select Frame" library="SeleniumLibrary">
<arg>id:iframeResult</arg>
<doc>Sets frame identified by ``locator`` as the current frame.</doc>
<msg timestamp="20210417 13:13:31.119" level="INFO">Selecting frame 'id:iframeResult'.</msg>
<status status="PASS" starttime="20210417 13:13:31.117" endtime="20210417 13:13:31.192"/>
</kw>
<kw name="Current Frame Should Contain" library="SeleniumLibrary">
<arg>This is a Heading</arg>
<doc>Verifies that the current frame contains ``text``.</doc>
<msg timestamp="20210417 13:13:31.209" level="INFO">Current frame contains text 'This is a Heading'.</msg>
<status status="PASS" starttime="20210417 13:13:31.193" endtime="20210417 13:13:31.209"/>
</kw>
<kw name="Current Frame Should Not Contain" library="SeleniumLibrary">
<arg>HTML Confirm Box</arg>
<doc>Verifies that the current frame does not contain ``text``.</doc>
<msg timestamp="20210417 13:13:31.222" level="INFO">Current frame did not contain text 'HTML Confirm Box'.</msg>
<status status="PASS" starttime="20210417 13:13:31.210" endtime="20210417 13:13:31.222"/>
</kw>
<kw name="Unselect Frame" library="SeleniumLibrary">
<doc>Sets the main frame as the current frame.</doc>
<status status="PASS" starttime="20210417 13:13:31.223" endtime="20210417 13:13:31.226"/>
</kw>
<kw name="Frame Should Contain" library="SeleniumLibrary">
<arg>id:iframeResult</arg>
<arg>This is a Heading</arg>
<doc>Verifies that frame identified by ``locator`` contains ``text``.</doc>
<msg timestamp="20210417 13:13:31.251" level="INFO">Searching for text from frame 'id:iframeResult'.</msg>
<msg timestamp="20210417 13:13:31.264" level="INFO">Frame 'id:iframeResult' contains text 'This is a Heading'.</msg>
<status status="PASS" starttime="20210417 13:13:31.227" endtime="20210417 13:13:31.264"/>
</kw>
<kw name="Close Browser" library="SeleniumLibrary">
<doc>Closes the current browser.</doc>
<status status="PASS" starttime="20210417 13:13:31.265" endtime="20210417 13:13:33.638"/>
</kw>
<doc>This test case verifies the functionality of the frames</doc>
<tag>Functional</tag>
<status status="PASS" starttime="20210417 13:13:23.822" endtime="20210417 13:13:33.642"/>
</test>
<doc>Basic Functionality</doc>
<status status="PASS" starttime="20210417 13:13:23.372" endtime="20210417 13:13:33.649"/>
</suite>
<statistics>
<total>
<stat pass="1" fail="0" skip="0">All Tests</stat>
</total>
<tag>
<stat pass="1" fail="0" skip="0">Functional</stat>
</tag>
<suite>
<stat pass="1" fail="0" skip="0" id="s1" name="WorkingWithFrame">WorkingWithFrame</stat>
</suite>
</statistics>
<errors>
</errors>
</robot>
