<?xml version="1.0" encoding="UTF-8"?>
<robot generator="Robot 4.0 (Python 3.9.2 on win32)" generated="20210416 19:48:33.649" rpa="false" schemaversion="2">
<suite id="s1" name="WorkingWithWebelements" source="C:\Users\sun90\Documents\Pycharm\src\github.com\sarkarsun\PycharmProject\Tests\WorkingWithWebelements\WorkingWithWebelements.robot">
<test id="s1-t1" name="Verify basic functionality for Webelements">
<kw name="Open Browser" library="SeleniumLibrary">
<arg>https://www.google.com/</arg>
<arg>chrome</arg>
<arg>alias=BrowserA</arg>
<doc>Opens a new browser instance to the optional ``url``.</doc>
<msg timestamp="20210416 19:48:33.967" level="INFO">Opening browser 'chrome' to base url 'https://www.google.com/'.</msg>
<status status="PASS" starttime="20210416 19:48:33.967" endtime="20210416 19:48:36.324"/>
</kw>
<kw name="Maximize Browser Window" library="SeleniumLibrary">
<doc>Maximizes current browser window.</doc>
<status status="PASS" starttime="20210416 19:48:36.333" endtime="20210416 19:48:36.557"/>
</kw>
<kw name="Sleep" library="BuiltIn">
<arg>4s</arg>
<doc>Pauses the test executed for the given time.</doc>
<msg timestamp="20210416 19:48:40.562" level="INFO">Slept 4 seconds</msg>
<status status="PASS" starttime="20210416 19:48:36.558" endtime="20210416 19:48:40.562"/>
</kw>
<kw name="Get Element Attribute" library="SeleniumLibrary">
<var>${attr}</var>
<arg>xpath:/html/body/div[1]/div[3]/form/div[1]/div[1]/div[3]/center/input[1]</arg>
<arg>class</arg>
<doc>Returns the value of ``attribute`` from the element ``locator``.</doc>
<msg timestamp="20210416 19:48:40.622" level="INFO">${attr} = gNO89b</msg>
<status status="PASS" starttime="20210416 19:48:40.562" endtime="20210416 19:48:40.622"/>
</kw>
<kw name="Get Element Count" library="SeleniumLibrary">
<var>${count}</var>
<arg>xpath:/html/body/div[1]/div[3]/form/div[1]/div[1]/div[3]/center/input[1]</arg>
<doc>Returns the number of elements matching ``locator``.</doc>
<msg timestamp="20210416 19:48:40.637" level="INFO">${count} = 1</msg>
<status status="PASS" starttime="20210416 19:48:40.622" endtime="20210416 19:48:40.637"/>
</kw>
<kw name="Get Element Size" library="SeleniumLibrary">
<var>${width}</var>
<var>${height}</var>
<arg>xpath:/html/body/div[1]/div[3]/form/div[1]/div[1]/div[3]/center/input[1]</arg>
<doc>Returns width and height of the element identified by ``locator``.</doc>
<msg timestamp="20210416 19:48:40.664" level="INFO">${width} = 121</msg>
<msg timestamp="20210416 19:48:40.664" level="INFO">${height} = 36</msg>
<status status="PASS" starttime="20210416 19:48:40.637" endtime="20210416 19:48:40.664"/>
</kw>
<kw name="Get WebElement" library="SeleniumLibrary">
<arg>xpath:/html/body/div[1]/div[3]/form/div[1]/div[1]/div[3]/center/input[1]</arg>
<doc>Returns the first WebElement matching the given ``locator``.</doc>
<status status="PASS" starttime="20210416 19:48:40.664" endtime="20210416 19:48:40.674"/>
</kw>
<kw name="Get WebElements" library="SeleniumLibrary">
<var>${webelements}</var>
<arg>xpath:/html/body/div[1]/div[3]/form/div[1]/div[1]/div[3]/center/input[1]</arg>
<doc>Returns a list of WebElement objects matching the ``locator``.</doc>
<msg timestamp="20210416 19:48:40.689" level="INFO">${webelements} = [&lt;selenium.webdriver.remote.webelement.WebElement (session="7ceb7e7fda4c5bee0124cd61307a5bf6", element="53526596-237b-4026-9992-dba7d585bab8")&gt;]</msg>
<status status="PASS" starttime="20210416 19:48:40.674" endtime="20210416 19:48:40.689"/>
</kw>
<kw name="Assign Id To Element" library="SeleniumLibrary">
<arg>name=btnK</arg>
<arg>ROBOTID</arg>
<doc>Assigns a temporary ``id`` to the element specified by ``locator``.</doc>
<msg timestamp="20210416 19:48:40.689" level="INFO">Assigning temporary id 'ROBOTID' to element 'name=btnK'.</msg>
<status status="PASS" starttime="20210416 19:48:40.689" endtime="20210416 19:48:40.709"/>
</kw>
<kw name="Page Should Contain Element" library="SeleniumLibrary">
<arg>ROBOTID</arg>
<doc>Verifies that element ``locator`` is found on the current page.</doc>
<msg timestamp="20210416 19:48:40.724" level="INFO">Current page contains element 'ROBOTID'.</msg>
<status status="PASS" starttime="20210416 19:48:40.709" endtime="20210416 19:48:40.724"/>
</kw>
<kw name="Element Should Be Focused" library="SeleniumLibrary">
<arg>xpath:/html/body/div[1]/div[3]/form/div[1]/div[1]/div[3]/center/input[1]</arg>
<doc>Verifies that element identified by ``locator`` is focused.</doc>
<kw name="Capture Page Screenshot" library="SeleniumLibrary">
<doc>Takes a screenshot of the current page and embeds it into a log file.</doc>
<msg timestamp="20210416 19:48:41.037" level="INFO" html="true">&lt;/td&gt;&lt;/tr&gt;&lt;tr&gt;&lt;td colspan="3"&gt;&lt;a href="selenium-screenshot-7.png"&gt;&lt;img src="selenium-screenshot-7.png" width="800px"&gt;&lt;/a&gt;</msg>
<status status="PASS" starttime="20210416 19:48:40.746" endtime="20210416 19:48:41.037"/>
</kw>
<msg timestamp="20210416 19:48:41.040" level="FAIL">Element 'xpath:/html/body/div[1]/div[3]/form/div[1]/div[1]/div[3]/center/input[1]' does not have focus.</msg>
<status status="FAIL" starttime="20210416 19:48:40.724" endtime="20210416 19:48:41.040"/>
</kw>
<kw name="Element Should Be Visible" library="SeleniumLibrary">
<arg>xpath:/html/body/div[1]/div[3]/form/div[1]/div[1]/div[3]/center/input[1]</arg>
<doc>Verifies that the element identified by ``locator`` is visible.</doc>
<status status="NOT RUN" starttime="20210416 19:48:41.041" endtime="20210416 19:48:41.041"/>
</kw>
<kw name="Input Text" library="SeleniumLibrary">
<arg>xpath:/html/body/div[1]/div[3]/form/div[1]/div[1]/div[1]/div/div[2]/input</arg>
<arg>Movies</arg>
<doc>Types the given ``text`` into the text field identified by ``locator``.</doc>
<status status="NOT RUN" starttime="20210416 19:48:41.041" endtime="20210416 19:48:41.041"/>
</kw>
<kw name="Clear Element Text" library="SeleniumLibrary">
<arg>xpath:/html/body/div[1]/div[3]/form/div[1]/div[1]/div[3]/center/input[1]</arg>
<doc>Clears the value of the text-input-element identified by ``locator``.</doc>
<status status="NOT RUN" starttime="20210416 19:48:41.042" endtime="20210416 19:48:41.042"/>
</kw>
<kw name="Cover Element" library="SeleniumLibrary">
<arg>xpath:/html/body/div[1]/div[3]/form/div[1]/div[1]/div[3]/center/input[2]</arg>
<doc>Will cover elements identified by ``locator`` with a blue div without breaking page layout.</doc>
<status status="NOT RUN" starttime="20210416 19:48:41.042" endtime="20210416 19:48:41.042"/>
</kw>
<kw name="Element Attribute Value Should Be" library="SeleniumLibrary">
<arg>name:btnK</arg>
<arg>value</arg>
<arg>Google Search</arg>
<doc>Verifies element identified by ``locator`` contains expected attribute value.</doc>
<status status="NOT RUN" starttime="20210416 19:48:41.043" endtime="20210416 19:48:41.043"/>
</kw>
<kw name="Element Should Be Enabled" library="SeleniumLibrary">
<arg>name:btnK</arg>
<doc>Verifies that element identified by ``locator`` is enabled.</doc>
<status status="NOT RUN" starttime="20210416 19:48:41.043" endtime="20210416 19:48:41.043"/>
</kw>
<kw name="Element Should Not Be Visible" library="SeleniumLibrary">
<arg>name:btnKgf</arg>
<doc>Verifies that the element identified by ``locator`` is NOT visible.</doc>
<status status="NOT RUN" starttime="20210416 19:48:41.044" endtime="20210416 19:48:41.044"/>
</kw>
<kw name="Element Should Contain" library="SeleniumLibrary">
<arg>How Search</arg>
<doc>Verifies that element ``locator`` contains text ``expected``.</doc>
<status status="NOT RUN" starttime="20210416 19:48:41.044" endtime="20210416 19:48:41.044"/>
</kw>
<kw name="Element Should Not Contain" library="SeleniumLibrary">
<arg>Google Search</arg>
<doc>Verifies that element ``locator`` does not contain text ``expected``.</doc>
<status status="NOT RUN" starttime="20210416 19:48:41.044" endtime="20210416 19:48:41.044"/>
</kw>
<kw name="Element Text Should Be" library="SeleniumLibrary">
<arg>How Search works</arg>
<doc>Verifies that element ``locator`` contains exact the text ``expected``.</doc>
<status status="NOT RUN" starttime="20210416 19:48:41.045" endtime="20210416 19:48:41.045"/>
</kw>
<kw name="Element Text Should Not Be" library="SeleniumLibrary">
<arg>How Search</arg>
<doc>Verifies that element ``locator`` does not contain exact the text ``not_expected``.</doc>
<status status="NOT RUN" starttime="20210416 19:48:41.045" endtime="20210416 19:48:41.045"/>
</kw>
<kw name="Double Click Element" library="SeleniumLibrary">
<arg>xpath:/html/body/div[1]/div[5]/div[2]/div[1]/a[4]</arg>
<doc>Double clicks the element identified by ``locator``.</doc>
<status status="NOT RUN" starttime="20210416 19:48:41.046" endtime="20210416 19:48:41.046"/>
</kw>
<kw name="Click Element At Coordinates" library="SeleniumLibrary">
<arg>xpath:/html/body/div[1]/div[5]/div[2]/div[1]/a[1]</arg>
<arg>15</arg>
<arg>10</arg>
<doc>Click the element ``locator`` at ``xoffset/yoffset``.</doc>
<status status="NOT RUN" starttime="20210416 19:48:41.046" endtime="20210416 19:48:41.046"/>
</kw>
<kw name="Close Browser" library="SeleniumLibrary">
<doc>Closes the current browser.</doc>
<status status="NOT RUN" starttime="20210416 19:48:41.047" endtime="20210416 19:48:41.047"/>
</kw>
<doc>This test case verifies the functionality of the Webelements</doc>
<tag>Functional</tag>
<status status="FAIL" starttime="20210416 19:48:33.962" endtime="20210416 19:48:41.047">Element 'xpath:/html/body/div[1]/div[3]/form/div[1]/div[1]/div[3]/center/input[1]' does not have focus.</status>
</test>
<doc>Basic Functionality</doc>
<status status="FAIL" starttime="20210416 19:48:33.654" endtime="20210416 19:48:41.052"/>
</suite>
<statistics>
<total>
<stat pass="0" fail="1" skip="0">All Tests</stat>
</total>
<tag>
<stat pass="0" fail="1" skip="0">Functional</stat>
</tag>
<suite>
<stat pass="0" fail="1" skip="0" id="s1" name="WorkingWithWebelements">WorkingWithWebelements</stat>
</suite>
</statistics>
<errors>
</errors>
</robot>
