<?xml version="1.0" encoding="UTF-8"?>
<robot generator="Robot 4.0 (Python 3.9.2 on win32)" generated="20210409 09:29:46.156" rpa="false" schemaversion="2">
<suite id="s1" name="BasicSearch2" source="C:\Users\sun90\Documents\Pycharm\src\github.com\sarkarsun\PycharmProject\Tests\Amazon\BasicSearch2.robot">
<test id="s1-t1" name="Verify basic search functionality for Amazon">
<kw name="Start TestCase" library="CommonFunctionality">
<kw name="Open Browser" library="SeleniumLibrary">
<arg>https://www.amazon.de/</arg>
<arg>chrome</arg>
<doc>Opens a new browser instance to the optional ``url``.</doc>
<msg timestamp="20210409 09:29:46.980" level="INFO">Opening browser 'chrome' to base url 'https://www.amazon.de/'.</msg>
<status status="PASS" starttime="20210409 09:29:46.980" endtime="20210409 09:29:53.106"/>
</kw>
<kw name="Maximize Browser Window" library="SeleniumLibrary">
<doc>Maximizes current browser window.</doc>
<status status="PASS" starttime="20210409 09:29:53.106" endtime="20210409 09:29:54.233"/>
</kw>
<status status="PASS" starttime="20210409 09:29:46.980" endtime="20210409 09:29:54.233"/>
</kw>
<kw name="Verify Search Results" library="Amazon_UserDefinedKeywords">
<kw name="Input Text" library="SeleniumLibrary">
<arg>id:twotabsearchtextbox</arg>
<arg>iphone 12 pro</arg>
<doc>Types the given ``text`` into the text field identified by ``locator``.</doc>
<msg timestamp="20210409 09:29:54.233" level="INFO">Typing text 'iphone 12 pro' into text field 'id:twotabsearchtextbox'.</msg>
<status status="PASS" starttime="20210409 09:29:54.233" endtime="20210409 09:29:54.979"/>
</kw>
<kw name="Press Keys" library="SeleniumLibrary">
<arg>id: nav-search-submit-button</arg>
<arg>[Return]</arg>
<doc>Simulates the user pressing key(s) to an element or on the active browser.</doc>
<msg timestamp="20210409 09:29:54.979" level="INFO">Sending key(s) ('[Return]',) to id: nav-search-submit-button element.</msg>
<msg timestamp="20210409 09:29:58.150" level="INFO">Sending keys [Return]</msg>
<status status="PASS" starttime="20210409 09:29:54.979" endtime="20210409 09:29:58.280"/>
</kw>
<kw name="Page Should Contain" library="SeleniumLibrary">
<arg>iphone 12 pro</arg>
<doc>Verifies that current page contains ``text``.</doc>
<msg timestamp="20210409 09:29:58.335" level="INFO">Current page contains text 'iphone 12 pro'.</msg>
<status status="PASS" starttime="20210409 09:29:58.285" endtime="20210409 09:29:58.335"/>
</kw>
<status status="PASS" starttime="20210409 09:29:54.233" endtime="20210409 09:29:58.340"/>
</kw>
<kw name="Finish TestCase" library="CommonFunctionality">
<kw name="Close Browser" library="SeleniumLibrary">
<doc>Closes the current browser.</doc>
<status status="PASS" starttime="20210409 09:29:58.340" endtime="20210409 09:30:00.794"/>
</kw>
<status status="PASS" starttime="20210409 09:29:58.340" endtime="20210409 09:30:00.794"/>
</kw>
<doc>This test case verifies the basic search</doc>
<tag>Functional</tag>
<status status="PASS" starttime="20210409 09:29:46.975" endtime="20210409 09:30:00.799"/>
</test>
<doc>Basic Search Functionality</doc>
<status status="PASS" starttime="20210409 09:29:46.161" endtime="20210409 09:30:00.809"/>
</suite>
<statistics>
<total>
<stat pass="1" fail="0" skip="0">All Tests</stat>
</total>
<tag>
<stat pass="1" fail="0" skip="0">Functional</stat>
</tag>
<suite>
<stat pass="1" fail="0" skip="0" id="s1" name="BasicSearch2">BasicSearch2</stat>
</suite>
</statistics>
<errors>
</errors>
</robot>
