<?xml version="1.0" encoding="UTF-8"?>
<robot generator="Robot 4.0 (Python 3.9.2 on win32)" generated="20210406 17:31:49.416" rpa="false" schemaversion="2">
<suite id="s1" name="BasicSearch3" source="C:\Users\sun90\Documents\Pycharm\src\github.com\sarkarsun\PycharmProject\Tests\Amazon\BasicSearch3.robot">
<test id="s1-t1" name="Verify basic search functionality for Amazon">
<kw name="Start TestCase" library="CommonFunctionality" type="SETUP">
<kw name="Open Browser" library="SeleniumLibrary">
<arg>https://www.amazon.de/</arg>
<arg>chrome</arg>
<doc>Opens a new browser instance to the optional ``url``.</doc>
<msg timestamp="20210406 17:31:49.789" level="INFO">Opening browser 'chrome' to base url 'https://www.amazon.de/'.</msg>
<status status="PASS" starttime="20210406 17:31:49.789" endtime="20210406 17:31:54.648"/>
</kw>
<kw name="Maximize Browser Window" library="SeleniumLibrary">
<doc>Maximizes current browser window.</doc>
<status status="PASS" starttime="20210406 17:31:54.648" endtime="20210406 17:31:55.910"/>
</kw>
<status status="PASS" starttime="20210406 17:31:49.789" endtime="20210406 17:31:55.911"/>
</kw>
<kw name="Verify Search Results" library="Amazon_UserDefinedKeywords">
<kw name="Input Text" library="SeleniumLibrary">
<arg>id:twotabsearchtextbox</arg>
<arg>iphone 12 pro</arg>
<doc>Types the given ``text`` into the text field identified by ``locator``.</doc>
<msg timestamp="20210406 17:31:55.913" level="INFO">Typing text 'iphone 12 pro' into text field 'id:twotabsearchtextbox'.</msg>
<status status="PASS" starttime="20210406 17:31:55.912" endtime="20210406 17:31:56.400"/>
</kw>
<kw name="Press Keys" library="SeleniumLibrary">
<arg>id: nav-search-submit-button</arg>
<arg>[Return]</arg>
<doc>Simulates the user pressing key(s) to an element or on the active browser.</doc>
<msg timestamp="20210406 17:31:56.401" level="INFO">Sending key(s) ('[Return]',) to id: nav-search-submit-button element.</msg>
<msg timestamp="20210406 17:31:59.338" level="INFO">Sending keys [Return]</msg>
<status status="PASS" starttime="20210406 17:31:56.400" endtime="20210406 17:31:59.392"/>
</kw>
<kw name="Page Should Contain" library="SeleniumLibrary">
<arg>iphone 12 pro</arg>
<doc>Verifies that current page contains ``text``.</doc>
<msg timestamp="20210406 17:31:59.452" level="INFO">Current page contains text 'iphone 12 pro'.</msg>
<status status="PASS" starttime="20210406 17:31:59.393" endtime="20210406 17:31:59.452"/>
</kw>
<status status="PASS" starttime="20210406 17:31:55.912" endtime="20210406 17:31:59.453"/>
</kw>
<kw name="Finish TestCase" library="CommonFunctionality" type="TEARDOWN">
<kw name="Close Browser" library="SeleniumLibrary">
<doc>Closes the current browser.</doc>
<status status="PASS" starttime="20210406 17:31:59.454" endtime="20210406 17:32:02.660"/>
</kw>
<status status="PASS" starttime="20210406 17:31:59.454" endtime="20210406 17:32:02.660"/>
</kw>
<doc>This test case verifies the basic search</doc>
<tag>Functional</tag>
<status status="PASS" starttime="20210406 17:31:49.789" endtime="20210406 17:32:02.660"/>
</test>
<doc>Basic Search Functionality</doc>
<status status="PASS" starttime="20210406 17:31:49.421" endtime="20210406 17:32:02.665"/>
</suite>
<statistics>
<total>
<stat pass="1" fail="0" skip="0">All Tests</stat>
</total>
<tag>
<stat pass="1" fail="0" skip="0">Functional</stat>
</tag>
<suite>
<stat pass="1" fail="0" skip="0" id="s1" name="BasicSearch3">BasicSearch3</stat>
</suite>
</statistics>
<errors>
</errors>
</robot>
