<?xml version="1.0" encoding="UTF-8"?>
<robot generator="Robot 4.0 (Python 3.9.2 on win32)" generated="20210415 21:20:41.188" rpa="false" schemaversion="2">
<suite id="s1" name="RefactorsLocators" source="C:\Users\sun90\Documents\Pycharm\src\github.com\sarkarsun\PycharmProject\Tests\RefactorLocators\RefactorsLocators.robot">
<test id="s1-t1" name="Verify basic search functionality for Amazon">
<kw name="Start TestCase">
<kw name="Open Browser" library="SeleniumLibrary">
<arg>${url}</arg>
<arg>${browser}</arg>
<doc>Opens a new browser instance to the optional ``url``.</doc>
<msg timestamp="20210415 21:20:41.639" level="INFO">Opening browser 'chrome' to base url 'https://www.amazon.de/'.</msg>
<status status="PASS" starttime="20210415 21:20:41.639" endtime="20210415 21:20:47.407"/>
</kw>
<kw name="Maximize Browser Window" library="SeleniumLibrary">
<doc>Maximizes current browser window.</doc>
<status status="PASS" starttime="20210415 21:20:47.407" endtime="20210415 21:20:48.991"/>
</kw>
<status status="PASS" starttime="20210415 21:20:41.639" endtime="20210415 21:20:48.992"/>
</kw>
<kw name="Verify Search result">
<kw name="Input Text" library="SeleniumLibrary">
<arg>${search_textbox}</arg>
<arg>${search_text}</arg>
<doc>Types the given ``text`` into the text field identified by ``locator``.</doc>
<msg timestamp="20210415 21:20:48.996" level="INFO">Typing text 'Apple MacBook Pro' into text field 'id:twotabsearchtextbox'.</msg>
<status status="PASS" starttime="20210415 21:20:48.995" endtime="20210415 21:20:49.907"/>
</kw>
<kw name="Press Keys" library="SeleniumLibrary">
<arg>${press_keys}</arg>
<arg>[return]</arg>
<doc>Simulates the user pressing key(s) to an element or on the active browser.</doc>
<msg timestamp="20210415 21:20:49.912" level="INFO">Sending key(s) ('[return]',) to id:nav-search-submit-button element.</msg>
<msg timestamp="20210415 21:20:53.619" level="INFO">Sending keys [return]</msg>
<status status="PASS" starttime="20210415 21:20:49.907" endtime="20210415 21:20:53.696"/>
</kw>
<kw name="Page Should Contain" library="SeleniumLibrary">
<arg>${search_text}</arg>
<doc>Verifies that current page contains ``text``.</doc>
<msg timestamp="20210415 21:20:53.767" level="INFO">Current page contains text 'Apple MacBook Pro'.</msg>
<status status="PASS" starttime="20210415 21:20:53.696" endtime="20210415 21:20:53.767"/>
</kw>
<kw name="Sleep" library="BuiltIn">
<arg>4s</arg>
<doc>Pauses the test executed for the given time.</doc>
<msg timestamp="20210415 21:20:57.770" level="INFO">Slept 4 seconds</msg>
<status status="PASS" starttime="20210415 21:20:53.767" endtime="20210415 21:20:57.770"/>
</kw>
<status status="PASS" starttime="20210415 21:20:48.993" endtime="20210415 21:20:57.770"/>
</kw>
<doc>This test case verifies the basic search</doc>
<tag>Functional</tag>
<status status="PASS" starttime="20210415 21:20:41.639" endtime="20210415 21:20:57.770"/>
</test>
<test id="s1-t2" name="Verify Advanced Search Functionality for Amazon">
<kw name="Verify Advanced Search Functionality">
<kw name="Click Element" library="SeleniumLibrary">
<arg>${click_elements}</arg>
<doc>Click the element identified by ``locator``.</doc>
<msg timestamp="20210415 21:20:57.775" level="INFO">Clicking element '//*[@id="icp-nav-flyout"]/span'.</msg>
<status status="PASS" starttime="20210415 21:20:57.775" endtime="20210415 21:20:59.133"/>
</kw>
<kw name="Sleep" library="BuiltIn">
<arg>4s</arg>
<doc>Pauses the test executed for the given time.</doc>
<msg timestamp="20210415 21:21:03.146" level="INFO">Slept 4 seconds</msg>
<status status="PASS" starttime="20210415 21:20:59.133" endtime="20210415 21:21:03.146"/>
</kw>
<status status="PASS" starttime="20210415 21:20:57.775" endtime="20210415 21:21:03.146"/>
</kw>
<kw name="Finish TestCase">
<kw name="Close Browser" library="SeleniumLibrary">
<doc>Closes the current browser.</doc>
<status status="PASS" starttime="20210415 21:21:03.151" endtime="20210415 21:21:05.590"/>
</kw>
<status status="PASS" starttime="20210415 21:21:03.146" endtime="20210415 21:21:05.590"/>
</kw>
<doc>This test case verifies the Advanced search</doc>
<tag>Functional</tag>
<status status="PASS" starttime="20210415 21:20:57.770" endtime="20210415 21:21:05.593"/>
</test>
<doc>Basic Search Functionality</doc>
<status status="PASS" starttime="20210415 21:20:41.188" endtime="20210415 21:21:05.600"/>
</suite>
<statistics>
<total>
<stat pass="2" fail="0" skip="0">All Tests</stat>
</total>
<tag>
<stat pass="2" fail="0" skip="0">Functional</stat>
</tag>
<suite>
<stat pass="2" fail="0" skip="0" id="s1" name="RefactorsLocators">RefactorsLocators</stat>
</suite>
</statistics>
<errors>
</errors>
</robot>
