<?xml version="1.0" encoding="UTF-8"?>
<robot generator="Robot 4.0 (Python 3.9.2 on win32)" generated="20210410 21:29:52.443" rpa="false" schemaversion="2">
<suite id="s1" name="Arguments2" source="C:\Users\sun90\Documents\Pycharm\src\github.com\sarkarsun\PycharmProject\Tests\Arguments2\Arguments2.robot">
<test id="s1-t1" name="Verify basic search functionality for eBay">
<kw name="Start TestCase" library="eBay_CommonFunctionality" type="SETUP">
<kw name="Open Browser" library="SeleniumLibrary">
<arg>https://www.ebay.com/</arg>
<arg>chrome</arg>
<doc>Opens a new browser instance to the optional ``url``.</doc>
<msg timestamp="20210410 21:29:52.818" level="INFO">Opening browser 'chrome' to base url 'https://www.ebay.com/'.</msg>
<status status="PASS" starttime="20210410 21:29:52.818" endtime="20210410 21:29:56.828"/>
</kw>
<kw name="Maximize Browser Window" library="SeleniumLibrary">
<doc>Maximizes current browser window.</doc>
<status status="PASS" starttime="20210410 21:29:56.828" endtime="20210410 21:29:57.012"/>
</kw>
<status status="PASS" starttime="20210410 21:29:52.818" endtime="20210410 21:29:57.012"/>
</kw>
<kw name="Input Search Text and Click Search" library="HeaderPage4">
<arg>Novi</arg>
<kw name="Input Text" library="SeleniumLibrary">
<arg>id:gh-ac</arg>
<arg>${search_text}</arg>
<doc>Types the given ``text`` into the text field identified by ``locator``.</doc>
<msg timestamp="20210410 21:29:57.012" level="INFO">Typing text 'Novi' into text field 'id:gh-ac'.</msg>
<status status="PASS" starttime="20210410 21:29:57.012" endtime="20210410 21:29:57.294"/>
</kw>
<kw name="Press Keys" library="SeleniumLibrary">
<arg>id:gh-btn</arg>
<arg>[Return]</arg>
<doc>Simulates the user pressing key(s) to an element or on the active browser.</doc>
<msg timestamp="20210410 21:29:57.294" level="INFO">Sending key(s) ('[Return]',) to id:gh-btn element.</msg>
<msg timestamp="20210410 21:30:00.316" level="INFO">Sending keys [Return]</msg>
<status status="PASS" starttime="20210410 21:29:57.294" endtime="20210410 21:30:00.356"/>
</kw>
<status status="PASS" starttime="20210410 21:29:57.012" endtime="20210410 21:30:00.356"/>
</kw>
<kw name="Verify Search Results" library="SearchResultsPage4">
<arg>Novi</arg>
<kw name="Page Should Contain" library="SeleniumLibrary">
<arg>${search_result} ${search_text}</arg>
<doc>Verifies that current page contains ``text``.</doc>
<msg timestamp="20210410 21:30:00.431" level="INFO">Current page contains text 'results for Novi'.</msg>
<status status="PASS" starttime="20210410 21:30:00.356" endtime="20210410 21:30:00.431"/>
</kw>
<status status="PASS" starttime="20210410 21:30:00.356" endtime="20210410 21:30:00.431"/>
</kw>
<kw name="Sleep" library="BuiltIn">
<arg>5s</arg>
<doc>Pauses the test executed for the given time.</doc>
<msg timestamp="20210410 21:30:05.434" level="INFO">Slept 5 seconds</msg>
<status status="PASS" starttime="20210410 21:30:00.431" endtime="20210410 21:30:05.434"/>
</kw>
<kw name="Finish TestCase" library="eBay_CommonFunctionality" type="TEARDOWN">
<kw name="Close Browser" library="SeleniumLibrary">
<doc>Closes the current browser.</doc>
<status status="PASS" starttime="20210410 21:30:05.434" endtime="20210410 21:30:07.911"/>
</kw>
<status status="PASS" starttime="20210410 21:30:05.434" endtime="20210410 21:30:07.911"/>
</kw>
<doc>This test case verifies the basic search</doc>
<tag>Functional</tag>
<status status="PASS" starttime="20210410 21:29:52.818" endtime="20210410 21:30:07.911"/>
</test>
<test id="s1-t2" name="Verify basic search functionality for eBay1">
<kw name="Start TestCase" library="eBay_CommonFunctionality" type="SETUP">
<kw name="Open Browser" library="SeleniumLibrary">
<arg>https://www.ebay.com/</arg>
<arg>chrome</arg>
<doc>Opens a new browser instance to the optional ``url``.</doc>
<msg timestamp="20210410 21:30:07.911" level="INFO">Opening browser 'chrome' to base url 'https://www.ebay.com/'.</msg>
<status status="PASS" starttime="20210410 21:30:07.911" endtime="20210410 21:30:11.867"/>
</kw>
<kw name="Maximize Browser Window" library="SeleniumLibrary">
<doc>Maximizes current browser window.</doc>
<status status="PASS" starttime="20210410 21:30:11.867" endtime="20210410 21:30:12.034"/>
</kw>
<status status="PASS" starttime="20210410 21:30:07.911" endtime="20210410 21:30:12.034"/>
</kw>
<kw name="Input Search Text and Click Search" library="HeaderPage4">
<arg>robot</arg>
<kw name="Input Text" library="SeleniumLibrary">
<arg>id:gh-ac</arg>
<arg>${search_text}</arg>
<doc>Types the given ``text`` into the text field identified by ``locator``.</doc>
<msg timestamp="20210410 21:30:12.034" level="INFO">Typing text 'robot' into text field 'id:gh-ac'.</msg>
<status status="PASS" starttime="20210410 21:30:12.034" endtime="20210410 21:30:12.289"/>
</kw>
<kw name="Press Keys" library="SeleniumLibrary">
<arg>id:gh-btn</arg>
<arg>[Return]</arg>
<doc>Simulates the user pressing key(s) to an element or on the active browser.</doc>
<msg timestamp="20210410 21:30:12.297" level="INFO">Sending key(s) ('[Return]',) to id:gh-btn element.</msg>
<msg timestamp="20210410 21:30:15.487" level="INFO">Sending keys [Return]</msg>
<status status="PASS" starttime="20210410 21:30:12.289" endtime="20210410 21:30:15.575"/>
</kw>
<status status="PASS" starttime="20210410 21:30:12.034" endtime="20210410 21:30:15.575"/>
</kw>
<kw name="Verify Search Results" library="SearchResultsPage4">
<arg>robot</arg>
<kw name="Page Should Contain" library="SeleniumLibrary">
<arg>${search_result} ${search_text}</arg>
<doc>Verifies that current page contains ``text``.</doc>
<msg timestamp="20210410 21:30:15.637" level="INFO">Current page contains text 'results for robot'.</msg>
<status status="PASS" starttime="20210410 21:30:15.575" endtime="20210410 21:30:15.637"/>
</kw>
<status status="PASS" starttime="20210410 21:30:15.575" endtime="20210410 21:30:15.637"/>
</kw>
<kw name="Finish TestCase" library="eBay_CommonFunctionality" type="TEARDOWN">
<kw name="Close Browser" library="SeleniumLibrary">
<doc>Closes the current browser.</doc>
<status status="PASS" starttime="20210410 21:30:15.642" endtime="20210410 21:30:18.121"/>
</kw>
<status status="PASS" starttime="20210410 21:30:15.642" endtime="20210410 21:30:18.121"/>
</kw>
<doc>This test case verifies the basic search</doc>
<tag>Functional</tag>
<status status="PASS" starttime="20210410 21:30:07.911" endtime="20210410 21:30:18.121"/>
</test>
<test id="s1-t3" name="Verify basic search functionality for eBay2">
<kw name="Start TestCase" library="eBay_CommonFunctionality" type="SETUP">
<kw name="Open Browser" library="SeleniumLibrary">
<arg>https://www.ebay.com/</arg>
<arg>chrome</arg>
<doc>Opens a new browser instance to the optional ``url``.</doc>
<msg timestamp="20210410 21:30:18.121" level="INFO">Opening browser 'chrome' to base url 'https://www.ebay.com/'.</msg>
<status status="PASS" starttime="20210410 21:30:18.121" endtime="20210410 21:30:24.256"/>
</kw>
<kw name="Maximize Browser Window" library="SeleniumLibrary">
<doc>Maximizes current browser window.</doc>
<status status="PASS" starttime="20210410 21:30:24.256" endtime="20210410 21:30:24.420"/>
</kw>
<status status="PASS" starttime="20210410 21:30:18.121" endtime="20210410 21:30:24.420"/>
</kw>
<kw name="Input Search Text and Click Search" library="HeaderPage4">
<arg>book</arg>
<kw name="Input Text" library="SeleniumLibrary">
<arg>id:gh-ac</arg>
<arg>${search_text}</arg>
<doc>Types the given ``text`` into the text field identified by ``locator``.</doc>
<msg timestamp="20210410 21:30:24.420" level="INFO">Typing text 'book' into text field 'id:gh-ac'.</msg>
<status status="PASS" starttime="20210410 21:30:24.420" endtime="20210410 21:30:24.704"/>
</kw>
<kw name="Press Keys" library="SeleniumLibrary">
<arg>id:gh-btn</arg>
<arg>[Return]</arg>
<doc>Simulates the user pressing key(s) to an element or on the active browser.</doc>
<msg timestamp="20210410 21:30:24.712" level="INFO">Sending key(s) ('[Return]',) to id:gh-btn element.</msg>
<msg timestamp="20210410 21:30:32.703" level="INFO">Sending keys [Return]</msg>
<status status="PASS" starttime="20210410 21:30:24.704" endtime="20210410 21:30:32.845"/>
</kw>
<status status="PASS" starttime="20210410 21:30:24.420" endtime="20210410 21:30:32.845"/>
</kw>
<kw name="Verify Search Results" library="SearchResultsPage4">
<arg>book</arg>
<kw name="Page Should Contain" library="SeleniumLibrary">
<arg>${search_result} ${search_text}</arg>
<doc>Verifies that current page contains ``text``.</doc>
<msg timestamp="20210410 21:30:32.928" level="INFO">Current page contains text 'results for book'.</msg>
<status status="PASS" starttime="20210410 21:30:32.870" endtime="20210410 21:30:32.928"/>
</kw>
<status status="PASS" starttime="20210410 21:30:32.870" endtime="20210410 21:30:32.928"/>
</kw>
<kw name="Finish TestCase" library="eBay_CommonFunctionality" type="TEARDOWN">
<kw name="Close Browser" library="SeleniumLibrary">
<doc>Closes the current browser.</doc>
<status status="PASS" starttime="20210410 21:30:32.943" endtime="20210410 21:30:35.522"/>
</kw>
<status status="PASS" starttime="20210410 21:30:32.928" endtime="20210410 21:30:35.522"/>
</kw>
<doc>This test case verifies the basic search</doc>
<tag>Functional</tag>
<status status="PASS" starttime="20210410 21:30:18.121" endtime="20210410 21:30:35.522"/>
</test>
<test id="s1-t4" name="Verify basic search functionality for eBay3">
<kw name="Start TestCase" library="eBay_CommonFunctionality" type="SETUP">
<kw name="Open Browser" library="SeleniumLibrary">
<arg>https://www.ebay.com/</arg>
<arg>chrome</arg>
<doc>Opens a new browser instance to the optional ``url``.</doc>
<msg timestamp="20210410 21:30:35.522" level="INFO">Opening browser 'chrome' to base url 'https://www.ebay.com/'.</msg>
<status status="PASS" starttime="20210410 21:30:35.522" endtime="20210410 21:30:39.786"/>
</kw>
<kw name="Maximize Browser Window" library="SeleniumLibrary">
<doc>Maximizes current browser window.</doc>
<status status="PASS" starttime="20210410 21:30:39.786" endtime="20210410 21:30:39.943"/>
</kw>
<status status="PASS" starttime="20210410 21:30:35.522" endtime="20210410 21:30:39.943"/>
</kw>
<kw name="Input Search Text and Click Search" library="HeaderPage4">
<arg>gifts</arg>
<kw name="Input Text" library="SeleniumLibrary">
<arg>id:gh-ac</arg>
<arg>${search_text}</arg>
<doc>Types the given ``text`` into the text field identified by ``locator``.</doc>
<msg timestamp="20210410 21:30:39.951" level="INFO">Typing text 'gifts' into text field 'id:gh-ac'.</msg>
<status status="PASS" starttime="20210410 21:30:39.951" endtime="20210410 21:30:40.159"/>
</kw>
<kw name="Press Keys" library="SeleniumLibrary">
<arg>id:gh-btn</arg>
<arg>[Return]</arg>
<doc>Simulates the user pressing key(s) to an element or on the active browser.</doc>
<msg timestamp="20210410 21:30:40.159" level="INFO">Sending key(s) ('[Return]',) to id:gh-btn element.</msg>
<msg timestamp="20210410 21:30:44.046" level="INFO">Sending keys [Return]</msg>
<status status="PASS" starttime="20210410 21:30:40.159" endtime="20210410 21:30:44.192"/>
</kw>
<status status="PASS" starttime="20210410 21:30:39.951" endtime="20210410 21:30:44.192"/>
</kw>
<kw name="Verify Search Results" library="SearchResultsPage4">
<arg>gifts</arg>
<kw name="Page Should Contain" library="SeleniumLibrary">
<arg>${search_result} ${search_text}</arg>
<doc>Verifies that current page contains ``text``.</doc>
<msg timestamp="20210410 21:30:44.265" level="INFO">Current page contains text 'results for gifts'.</msg>
<status status="PASS" starttime="20210410 21:30:44.192" endtime="20210410 21:30:44.265"/>
</kw>
<status status="PASS" starttime="20210410 21:30:44.192" endtime="20210410 21:30:44.265"/>
</kw>
<kw name="Finish TestCase" library="eBay_CommonFunctionality" type="TEARDOWN">
<kw name="Close Browser" library="SeleniumLibrary">
<doc>Closes the current browser.</doc>
<status status="PASS" starttime="20210410 21:30:44.273" endtime="20210410 21:30:46.643"/>
</kw>
<status status="PASS" starttime="20210410 21:30:44.265" endtime="20210410 21:30:46.643"/>
</kw>
<doc>This test case verifies the basic search</doc>
<tag>Functional</tag>
<status status="PASS" starttime="20210410 21:30:35.522" endtime="20210410 21:30:46.643"/>
</test>
<doc>Basic Search Functionality</doc>
<status status="PASS" starttime="20210410 21:29:52.443" endtime="20210410 21:30:46.643"/>
</suite>
<statistics>
<total>
<stat pass="4" fail="0" skip="0">All Tests</stat>
</total>
<tag>
<stat pass="4" fail="0" skip="0">Functional</stat>
</tag>
<suite>
<stat pass="4" fail="0" skip="0" id="s1" name="Arguments2">Arguments2</stat>
</suite>
</statistics>
<errors>
<msg timestamp="20210410 21:29:52.802" level="ERROR">Error in file 'C:\Users\sun90\Documents\Pycharm\src\github.com\sarkarsun\PycharmProject\Resources\eBay_Arguments\SearchResultsPage4.robot' on line 3: Resource file 'Resources\eBay_DictionaryVariable\HeaderPage3.robot' does not exist.</msg>
<msg timestamp="20210410 21:29:52.818" level="ERROR">Error in file 'C:\Users\sun90\Documents\Pycharm\src\github.com\sarkarsun\PycharmProject\Resources\eBay_Arguments\SearchResultsPage4.robot' on line 4: Resource file 'Resources\eBay_Arguments\HeaderPage4.robot' does not exist.</msg>
</errors>
</robot>
