<?xml version="1.0" encoding="UTF-8"?>
<robot generator="Robot 4.0 (Python 3.9.2 on win32)" generated="20210409 16:02:50.196" rpa="false" schemaversion="2">
<suite id="s1" name="EX1" source="C:\Users\sun90\Documents\Pycharm\src\github.com\sarkarsun\PycharmProject\Tests\eBay\EX1.robot">
<test id="s1-t1" name="Verify basic search functionality for eBay">
<kw name="Start TestCase" library="eBay_CommonFunctionality" type="SETUP">
<kw name="Open Browser" library="SeleniumLibrary">
<arg>https://www.ebay.com/</arg>
<arg>chrome</arg>
<doc>Opens a new browser instance to the optional ``url``.</doc>
<msg timestamp="20210409 16:02:51.146" level="INFO">Opening browser 'chrome' to base url 'https://www.ebay.com/'.</msg>
<status status="PASS" starttime="20210409 16:02:51.146" endtime="20210409 16:02:55.390"/>
</kw>
<kw name="Maximize Browser Window" library="SeleniumLibrary">
<doc>Maximizes current browser window.</doc>
<status status="PASS" starttime="20210409 16:02:55.390" endtime="20210409 16:02:55.575"/>
</kw>
<status status="PASS" starttime="20210409 16:02:51.146" endtime="20210409 16:02:55.575"/>
</kw>
<kw name="Input Search Text and Click Search">
<kw name="Input Text" library="SeleniumLibrary">
<arg>id:gh-ac</arg>
<arg>${search_text}[4]</arg>
<doc>Types the given ``text`` into the text field identified by ``locator``.</doc>
<msg timestamp="20210409 16:02:55.580" level="INFO">Typing text 'Movies' into text field 'id:gh-ac'.</msg>
<status status="PASS" starttime="20210409 16:02:55.580" endtime="20210409 16:02:55.895"/>
</kw>
<kw name="Press Keys" library="SeleniumLibrary">
<arg>id:gh-btn</arg>
<arg>[Return]</arg>
<doc>Simulates the user pressing key(s) to an element or on the active browser.</doc>
<msg timestamp="20210409 16:02:55.898" level="INFO">Sending key(s) ('[Return]',) to id:gh-btn element.</msg>
<msg timestamp="20210409 16:03:00.723" level="INFO">Sending keys [Return]</msg>
<status status="PASS" starttime="20210409 16:02:55.895" endtime="20210409 16:03:00.823"/>
</kw>
<status status="PASS" starttime="20210409 16:02:55.575" endtime="20210409 16:03:00.823"/>
</kw>
<kw name="Verify Search Results">
<kw name="Page Should Contain" library="SeleniumLibrary">
<arg>${search_result} ${search_text}[4]</arg>
<doc>Verifies that current page contains ``text``.</doc>
<msg timestamp="20210409 16:03:00.863" level="INFO">Current page contains text 'results for Movies'.</msg>
<status status="PASS" starttime="20210409 16:03:00.823" endtime="20210409 16:03:00.863"/>
</kw>
<status status="PASS" starttime="20210409 16:03:00.823" endtime="20210409 16:03:00.863"/>
</kw>
<kw name="Finish TestCase" library="eBay_CommonFunctionality" type="TEARDOWN">
<kw name="Close Browser" library="SeleniumLibrary">
<doc>Closes the current browser.</doc>
<status status="PASS" starttime="20210409 16:03:00.863" endtime="20210409 16:03:03.198"/>
</kw>
<status status="PASS" starttime="20210409 16:03:00.863" endtime="20210409 16:03:03.198"/>
</kw>
<doc>This test case verifies the basic search</doc>
<tag>Functional</tag>
<status status="PASS" starttime="20210409 16:02:51.146" endtime="20210409 16:03:03.201"/>
</test>
<doc>Basic Search Functionality</doc>
<status status="PASS" starttime="20210409 16:02:50.201" endtime="20210409 16:03:03.207"/>
</suite>
<statistics>
<total>
<stat pass="1" fail="0" skip="0">All Tests</stat>
</total>
<tag>
<stat pass="1" fail="0" skip="0">Functional</stat>
</tag>
<suite>
<stat pass="1" fail="0" skip="0" id="s1" name="EX1">EX1</stat>
</suite>
</statistics>
<errors>
</errors>
</robot>
