<?xml version="1.0" encoding="UTF-8"?>
<robot generator="Robot 4.0 (Python 3.9.2 on win32)" generated="20210416 17:31:06.752" rpa="false" schemaversion="2">
<suite id="s1" name="WorkingWithBrowser" source="C:\Users\sun90\Documents\Pycharm\src\github.com\sarkarsun\PycharmProject\Tests\WorkingWithBrowser\WorkingWithBrowser.robot">
<test id="s1-t1" name="Verify basic functionality for Website">
<kw name="Start TestCase">
<kw name="Open Browser" library="SeleniumLibrary">
<arg>https://www.bing.com/</arg>
<arg>chrome</arg>
<arg>alias=BrowserA</arg>
<doc>Opens a new browser instance to the optional ``url``.</doc>
<msg timestamp="20210416 17:31:07.067" level="INFO">Opening browser 'chrome' to base url 'https://www.bing.com/'.</msg>
<status status="PASS" starttime="20210416 17:31:07.067" endtime="20210416 17:31:09.233"/>
</kw>
<kw name="Maximize Browser Window" library="SeleniumLibrary">
<doc>Maximizes current browser window.</doc>
<status status="PASS" starttime="20210416 17:31:09.238" endtime="20210416 17:31:09.565"/>
</kw>
<kw name="Open Browser" library="SeleniumLibrary">
<arg>about:blank</arg>
<arg>ff</arg>
<arg>alias=BrowserB</arg>
<doc>Opens a new browser instance to the optional ``url``.</doc>
<msg timestamp="20210416 17:31:09.566" level="INFO">Opening browser 'ff' to base url 'about:blank'.</msg>
<msg timestamp="20210416 17:31:09.576" level="INFO">Firefox driver log is always forced to to: C:\Users\sun90\Documents\Pycharm\src\github.com\sarkarsun\PycharmProject\Results\WorkingWithBrowser\geckodriver-34.log</msg>
<status status="PASS" starttime="20210416 17:31:09.565" endtime="20210416 17:31:18.234"/>
</kw>
<kw name="Get Browser Aliases" library="SeleniumLibrary">
<var>&amp;{alias}</var>
<doc>Returns aliases of all active browser that has an alias as NormalizedDict.
The dictionary contains the aliases as keys and the index as value.
This can be accessed as dictionary ``${aliases.key}`` or as list ``@{aliases}[0]``.</doc>
<msg timestamp="20210416 17:31:18.234" level="INFO">&amp;{alias} = { BrowserA=1 | BrowserB=2 }</msg>
<status status="PASS" starttime="20210416 17:31:18.234" endtime="20210416 17:31:18.234"/>
</kw>
<kw name="Log" library="BuiltIn">
<arg>${alias.BrowserA}</arg>
<doc>Logs the given message with the given level.</doc>
<msg timestamp="20210416 17:31:18.234" level="INFO">1</msg>
<status status="PASS" starttime="20210416 17:31:18.234" endtime="20210416 17:31:18.234"/>
</kw>
<kw name="Get Browser Ids" library="SeleniumLibrary">
<var>@{browser_ids}</var>
<doc>Returns index of all active browser as list.</doc>
<msg timestamp="20210416 17:31:18.234" level="INFO">@{browser_ids} = [ 1 | 2 ]</msg>
<status status="PASS" starttime="20210416 17:31:18.234" endtime="20210416 17:31:18.234"/>
</kw>
<kw name="Log" library="BuiltIn">
<arg>${browser_ids}[1]</arg>
<doc>Logs the given message with the given level.</doc>
<msg timestamp="20210416 17:31:18.234" level="INFO">2</msg>
<status status="PASS" starttime="20210416 17:31:18.234" endtime="20210416 17:31:18.234"/>
</kw>
<kw name="Switch Browser" library="SeleniumLibrary">
<arg>1</arg>
<doc>Switches between active browsers using ``index_or_alias``.</doc>
<status status="PASS" starttime="20210416 17:31:18.239" endtime="20210416 17:31:18.239"/>
</kw>
<kw name="Input Text" library="SeleniumLibrary">
<arg>xpath://*[@id="sb_form_q"]</arg>
<arg>ROBOT</arg>
<doc>Types the given ``text`` into the text field identified by ``locator``.</doc>
<msg timestamp="20210416 17:31:18.240" level="INFO">Typing text 'ROBOT' into text field 'xpath://*[@id="sb_form_q"]'.</msg>
<status status="PASS" starttime="20210416 17:31:18.239" endtime="20210416 17:31:18.459"/>
</kw>
<kw name="Sleep" library="BuiltIn">
<arg>4s</arg>
<doc>Pauses the test executed for the given time.</doc>
<msg timestamp="20210416 17:31:22.464" level="INFO">Slept 4 seconds</msg>
<status status="PASS" starttime="20210416 17:31:18.459" endtime="20210416 17:31:22.464"/>
</kw>
<kw name="Switch Browser" library="SeleniumLibrary">
<arg>${alias}[BrowserB]</arg>
<doc>Switches between active browsers using ``index_or_alias``.</doc>
<status status="PASS" starttime="20210416 17:31:22.464" endtime="20210416 17:31:22.464"/>
</kw>
<kw name="Go To" library="SeleniumLibrary">
<arg>https://www.salesforce.com/</arg>
<doc>Navigates the current browser window to the provided ``url``.</doc>
<msg timestamp="20210416 17:31:22.464" level="INFO">Opening url 'https://www.salesforce.com/'</msg>
<status status="PASS" starttime="20210416 17:31:22.464" endtime="20210416 17:31:24.374"/>
</kw>
<kw name="Close All Browsers" library="SeleniumLibrary">
<doc>Closes all open browsers and resets the browser cache.</doc>
<status status="PASS" starttime="20210416 17:31:24.374" endtime="20210416 17:31:29.645"/>
</kw>
<status status="PASS" starttime="20210416 17:31:07.067" endtime="20210416 17:31:29.650"/>
</kw>
<doc>This test case verifies the functionality of the browsers</doc>
<tag>Functional</tag>
<status status="PASS" starttime="20210416 17:31:07.067" endtime="20210416 17:31:29.650"/>
</test>
<doc>Basic Functionality</doc>
<status status="PASS" starttime="20210416 17:31:06.757" endtime="20210416 17:31:29.650"/>
</suite>
<statistics>
<total>
<stat pass="1" fail="0" skip="0">All Tests</stat>
</total>
<tag>
<stat pass="1" fail="0" skip="0">Functional</stat>
</tag>
<suite>
<stat pass="1" fail="0" skip="0" id="s1" name="WorkingWithBrowser">WorkingWithBrowser</stat>
</suite>
</statistics>
<errors>
</errors>
</robot>
