<?xml version="1.0" encoding="UTF-8"?>
<robot generator="Robot 4.0 (Python 3.9.2 on win32)" generated="20210409 15:28:56.702" rpa="false" schemaversion="2">
<suite id="s1" name="ScalarVariable" source="C:\Users\sun90\Documents\Pycharm\src\github.com\sarkarsun\PycharmProject\Tests\eBay\ScalarVariable.robot">
<test id="s1-t1" name="Verify basic search functionality for eBay">
<kw name="Start TestCase" library="eBay_CommonFunctionality" type="SETUP">
<kw name="Open Browser" library="SeleniumLibrary">
<arg>https://www.ebay.com/</arg>
<arg>chrome</arg>
<doc>Opens a new browser instance to the optional ``url``.</doc>
<msg timestamp="20210409 15:28:57.617" level="INFO">Opening browser 'chrome' to base url 'https://www.ebay.com/'.</msg>
<status status="PASS" starttime="20210409 15:28:57.617" endtime="20210409 15:29:01.870"/>
</kw>
<kw name="Maximize Browser Window" library="SeleniumLibrary">
<doc>Maximizes current browser window.</doc>
<status status="PASS" starttime="20210409 15:29:01.870" endtime="20210409 15:29:02.022"/>
</kw>
<status status="PASS" starttime="20210409 15:28:57.612" endtime="20210409 15:29:02.022"/>
</kw>
<kw name="Input Search Text and Click Search" library="HeaderPage1">
<kw name="Input Text" library="SeleniumLibrary">
<arg>id:gh-ac</arg>
<arg>${search_text}</arg>
<doc>Types the given ``text`` into the text field identified by ``locator``.</doc>
<msg timestamp="20210409 15:29:02.022" level="INFO">Typing text 'robot' into text field 'id:gh-ac'.</msg>
<status status="PASS" starttime="20210409 15:29:02.022" endtime="20210409 15:29:02.292"/>
</kw>
<kw name="Press Keys" library="SeleniumLibrary">
<arg>id:gh-btn</arg>
<arg>[Return]</arg>
<doc>Simulates the user pressing key(s) to an element or on the active browser.</doc>
<msg timestamp="20210409 15:29:02.292" level="INFO">Sending key(s) ('[Return]',) to id:gh-btn element.</msg>
<msg timestamp="20210409 15:29:05.537" level="INFO">Sending keys [Return]</msg>
<status status="PASS" starttime="20210409 15:29:02.292" endtime="20210409 15:29:05.572"/>
</kw>
<status status="PASS" starttime="20210409 15:29:02.022" endtime="20210409 15:29:05.572"/>
</kw>
<kw name="Verify Search Results" library="SearchResulteBay">
<kw name="Page Should Contain" library="SeleniumLibrary">
<arg>${search_result} ${search_text}</arg>
<doc>Verifies that current page contains ``text``.</doc>
<msg timestamp="20210409 15:29:05.662" level="INFO">Current page contains text 'results for robot'.</msg>
<status status="PASS" starttime="20210409 15:29:05.572" endtime="20210409 15:29:05.662"/>
</kw>
<status status="PASS" starttime="20210409 15:29:05.572" endtime="20210409 15:29:05.662"/>
</kw>
<kw name="Finish TestCase" library="eBay_CommonFunctionality" type="TEARDOWN">
<kw name="Close Browser" library="SeleniumLibrary">
<doc>Closes the current browser.</doc>
<status status="PASS" starttime="20210409 15:29:05.662" endtime="20210409 15:29:08.039"/>
</kw>
<status status="PASS" starttime="20210409 15:29:05.662" endtime="20210409 15:29:08.039"/>
</kw>
<doc>This test case verifies the basic search</doc>
<tag>Functional</tag>
<status status="PASS" starttime="20210409 15:28:57.612" endtime="20210409 15:29:08.042"/>
</test>
<doc>Basic Search Functionality</doc>
<status status="PASS" starttime="20210409 15:28:56.718" endtime="20210409 15:29:08.047"/>
</suite>
<statistics>
<total>
<stat pass="1" fail="0" skip="0">All Tests</stat>
</total>
<tag>
<stat pass="1" fail="0" skip="0">Functional</stat>
</tag>
<suite>
<stat pass="1" fail="0" skip="0" id="s1" name="ScalarVariable">ScalarVariable</stat>
</suite>
</statistics>
<errors>
<msg timestamp="20210409 15:28:56.681" level="ERROR">Error in file 'C:\Users\sun90\Documents\Pycharm\src\github.com\sarkarsun\PycharmProject\Tests\eBay\ScalarVariable.robot' on line 9: Setting 'Documentation' is allowed only once. Only the first value is used.</msg>
<msg timestamp="20210409 15:28:56.681" level="ERROR">Error in file 'C:\Users\sun90\Documents\Pycharm\src\github.com\sarkarsun\PycharmProject\Tests\eBay\ScalarVariable.robot' on line 14: Setting 'Test Setup' is allowed only once. Only the first value is used.</msg>
<msg timestamp="20210409 15:28:56.686" level="ERROR">Error in file 'C:\Users\sun90\Documents\Pycharm\src\github.com\sarkarsun\PycharmProject\Tests\eBay\ScalarVariable.robot' on line 15: Setting 'Test Teardown' is allowed only once. Only the first value is used.</msg>
</errors>
</robot>
