<?xml version="1.0" encoding="UTF-8"?>
<robot generator="Robot 4.0 (Python 3.9.2 on win32)" generated="20210414 23:19:00.979" rpa="false" schemaversion="2">
<suite id="s1" name="PassVariable" source="C:\Users\sun90\Documents\Pycharm\src\github.com\sarkarsun\PycharmProject\Tests\PassVariable\PassVariable.robot">
<test id="s1-t1" name="Verify basic search functionality for eBay">
<kw name="Start TestCase">
<kw name="Open Browser" library="SeleniumLibrary">
<arg>${url}</arg>
<arg>${browser}</arg>
<doc>Opens a new browser instance to the optional ``url``.</doc>
<msg timestamp="20210414 23:19:01.682" level="INFO">Opening browser 'chrome' to base url 'https://www.ebay.com/'.</msg>
<status status="PASS" starttime="20210414 23:19:01.682" endtime="20210414 23:19:05.978"/>
</kw>
<kw name="Maximize Browser Window" library="SeleniumLibrary">
<doc>Maximizes current browser window.</doc>
<status status="PASS" starttime="20210414 23:19:05.978" endtime="20210414 23:19:06.220"/>
</kw>
<status status="PASS" starttime="20210414 23:19:01.682" endtime="20210414 23:19:06.220"/>
</kw>
<kw name="Verify Search result">
<kw name="Input Text" library="SeleniumLibrary">
<arg>id:gh-ac</arg>
<arg>${search_text}</arg>
<doc>Types the given ``text`` into the text field identified by ``locator``.</doc>
<msg timestamp="20210414 23:19:06.220" level="INFO">Typing text 'iphone 12 pro' into text field 'id:gh-ac'.</msg>
<status status="PASS" starttime="20210414 23:19:06.220" endtime="20210414 23:19:06.528"/>
</kw>
<kw name="Press Keys" library="SeleniumLibrary">
<arg>id:gh-btn</arg>
<arg>[return]</arg>
<doc>Simulates the user pressing key(s) to an element or on the active browser.</doc>
<msg timestamp="20210414 23:19:06.537" level="INFO">Sending key(s) ('[return]',) to id:gh-btn element.</msg>
<msg timestamp="20210414 23:19:10.045" level="INFO">Sending keys [return]</msg>
<status status="PASS" starttime="20210414 23:19:06.528" endtime="20210414 23:19:10.077"/>
</kw>
<kw name="Page Should Contain" library="SeleniumLibrary">
<arg>${search_text}</arg>
<doc>Verifies that current page contains ``text``.</doc>
<msg timestamp="20210414 23:19:10.124" level="INFO">Current page contains text 'iphone 12 pro'.</msg>
<status status="PASS" starttime="20210414 23:19:10.085" endtime="20210414 23:19:10.124"/>
</kw>
<kw name="Sleep" library="BuiltIn">
<arg>4s</arg>
<doc>Pauses the test executed for the given time.</doc>
<msg timestamp="20210414 23:19:14.134" level="INFO">Slept 4 seconds</msg>
<status status="PASS" starttime="20210414 23:19:10.124" endtime="20210414 23:19:14.134"/>
</kw>
<status status="PASS" starttime="20210414 23:19:06.220" endtime="20210414 23:19:14.134"/>
</kw>
<doc>This test case verifies the basic search</doc>
<tag>Functional</tag>
<status status="PASS" starttime="20210414 23:19:01.674" endtime="20210414 23:19:14.134"/>
</test>
<test id="s1-t2" name="Verify Advanced Search Functionality for eBay">
<kw name="Verify Advanced Search Functionality">
<kw name="Click Element" library="SeleniumLibrary">
<arg>id:gh-as-a</arg>
<doc>Click the element identified by ``locator``.</doc>
<msg timestamp="20210414 23:19:14.134" level="INFO">Clicking element 'id:gh-as-a'.</msg>
<status status="PASS" starttime="20210414 23:19:14.134" endtime="20210414 23:19:15.366"/>
</kw>
<kw name="Sleep" library="BuiltIn">
<arg>3s</arg>
<doc>Pauses the test executed for the given time.</doc>
<msg timestamp="20210414 23:19:18.381" level="INFO">Slept 3 seconds</msg>
<status status="PASS" starttime="20210414 23:19:15.366" endtime="20210414 23:19:18.381"/>
</kw>
<status status="PASS" starttime="20210414 23:19:14.134" endtime="20210414 23:19:18.381"/>
</kw>
<kw name="Finish TestCase">
<kw name="Close Browser" library="SeleniumLibrary">
<doc>Closes the current browser.</doc>
<status status="PASS" starttime="20210414 23:19:18.381" endtime="20210414 23:19:20.709"/>
</kw>
<status status="PASS" starttime="20210414 23:19:18.381" endtime="20210414 23:19:20.709"/>
</kw>
<doc>This test case verifies the Advanced search</doc>
<tag>Functional</tag>
<status status="PASS" starttime="20210414 23:19:14.134" endtime="20210414 23:19:20.709"/>
</test>
<doc>Basic Search Functionality</doc>
<status status="PASS" starttime="20210414 23:19:00.987" endtime="20210414 23:19:20.709"/>
</suite>
<statistics>
<total>
<stat pass="2" fail="0" skip="0">All Tests</stat>
</total>
<tag>
<stat pass="2" fail="0" skip="0">Functional</stat>
</tag>
<suite>
<stat pass="2" fail="0" skip="0" id="s1" name="PassVariable">PassVariable</stat>
</suite>
</statistics>
<errors>
</errors>
</robot>
