<?xml version="1.0" encoding="UTF-8"?>
<robot generator="Robot 4.0 (Python 3.9.2 on win32)" generated="20210415 00:10:21.151" rpa="false" schemaversion="2">
<suite id="s1" name="PassVariableAmazon" source="C:\Users\sun90\Documents\Pycharm\src\github.com\sarkarsun\PycharmProject\Tests\PassVariable\PassVariableAmazon.robot">
<test id="s1-t1" name="Verify basic search functionality for Amazon">
<kw name="Start TestCase">
<kw name="Open Browser" library="SeleniumLibrary">
<arg>${url}</arg>
<arg>${browser}</arg>
<doc>Opens a new browser instance to the optional ``url``.</doc>
<msg timestamp="20210415 00:10:21.989" level="INFO">Opening browser 'chrome' to base url 'https://www.amazon.de/'.</msg>
<status status="PASS" starttime="20210415 00:10:21.989" endtime="20210415 00:10:26.467"/>
</kw>
<kw name="Maximize Browser Window" library="SeleniumLibrary">
<doc>Maximizes current browser window.</doc>
<status status="PASS" starttime="20210415 00:10:26.475" endtime="20210415 00:10:27.184"/>
</kw>
<status status="PASS" starttime="20210415 00:10:21.989" endtime="20210415 00:10:27.184"/>
</kw>
<kw name="Verify Search result">
<kw name="Input Text" library="SeleniumLibrary">
<arg>id:twotabsearchtextbox</arg>
<arg>${search_text}</arg>
<doc>Types the given ``text`` into the text field identified by ``locator``.</doc>
<msg timestamp="20210415 00:10:27.184" level="INFO">Typing text 'Apple MacBook Pro' into text field 'id:twotabsearchtextbox'.</msg>
<status status="PASS" starttime="20210415 00:10:27.184" endtime="20210415 00:10:27.834"/>
</kw>
<kw name="Press Keys" library="SeleniumLibrary">
<arg>id:nav-search-submit-button</arg>
<arg>[return]</arg>
<doc>Simulates the user pressing key(s) to an element or on the active browser.</doc>
<msg timestamp="20210415 00:10:27.842" level="INFO">Sending key(s) ('[return]',) to id:nav-search-submit-button element.</msg>
<msg timestamp="20210415 00:10:30.061" level="INFO">Sending keys [return]</msg>
<status status="PASS" starttime="20210415 00:10:27.842" endtime="20210415 00:10:30.117"/>
</kw>
<kw name="Page Should Contain" library="SeleniumLibrary">
<arg>${search_text}</arg>
<doc>Verifies that current page contains ``text``.</doc>
<msg timestamp="20210415 00:10:30.169" level="INFO">Current page contains text 'Apple MacBook Pro'.</msg>
<status status="PASS" starttime="20210415 00:10:30.117" endtime="20210415 00:10:30.169"/>
</kw>
<kw name="Sleep" library="BuiltIn">
<arg>4s</arg>
<doc>Pauses the test executed for the given time.</doc>
<msg timestamp="20210415 00:10:34.181" level="INFO">Slept 4 seconds</msg>
<status status="PASS" starttime="20210415 00:10:30.169" endtime="20210415 00:10:34.181"/>
</kw>
<status status="PASS" starttime="20210415 00:10:27.184" endtime="20210415 00:10:34.181"/>
</kw>
<doc>This test case verifies the basic search</doc>
<tag>Functional</tag>
<status status="PASS" starttime="20210415 00:10:21.974" endtime="20210415 00:10:34.181"/>
</test>
<test id="s1-t2" name="Verify Advanced Search Functionality for Amazon">
<kw name="Verify Advanced Search Functionality">
<kw name="Click Element" library="SeleniumLibrary">
<arg>//*[@id="icp-nav-flyout"]/span</arg>
<doc>Click the element identified by ``locator``.</doc>
<msg timestamp="20210415 00:10:34.181" level="INFO">Clicking element '//*[@id="icp-nav-flyout"]/span'.</msg>
<status status="PASS" starttime="20210415 00:10:34.181" endtime="20210415 00:10:35.261"/>
</kw>
<kw name="Sleep" library="BuiltIn">
<arg>4s</arg>
<doc>Pauses the test executed for the given time.</doc>
<msg timestamp="20210415 00:10:39.262" level="INFO">Slept 4 seconds</msg>
<status status="PASS" starttime="20210415 00:10:35.261" endtime="20210415 00:10:39.262"/>
</kw>
<status status="PASS" starttime="20210415 00:10:34.181" endtime="20210415 00:10:39.262"/>
</kw>
<kw name="Finish TestCase">
<kw name="Close Browser" library="SeleniumLibrary">
<doc>Closes the current browser.</doc>
<status status="PASS" starttime="20210415 00:10:39.262" endtime="20210415 00:10:42.028"/>
</kw>
<status status="PASS" starttime="20210415 00:10:39.262" endtime="20210415 00:10:42.028"/>
</kw>
<doc>This test case verifies the Advanced search</doc>
<tag>Functional</tag>
<status status="PASS" starttime="20210415 00:10:34.181" endtime="20210415 00:10:42.028"/>
</test>
<doc>Basic Search Functionality</doc>
<status status="PASS" starttime="20210415 00:10:21.167" endtime="20210415 00:10:42.028"/>
</suite>
<statistics>
<total>
<stat pass="2" fail="0" skip="0">All Tests</stat>
</total>
<tag>
<stat pass="2" fail="0" skip="0">Functional</stat>
</tag>
<suite>
<stat pass="2" fail="0" skip="0" id="s1" name="PassVariableAmazon">PassVariableAmazon</stat>
</suite>
</statistics>
<errors>
</errors>
</robot>
