<?xml version="1.0" encoding="UTF-8"?>
<robot generator="Robot 4.0 (Python 3.9.2 on win32)" generated="20210414 23:55:35.584" rpa="false" schemaversion="2">
<suite id="s1" name="PassVariableAmazon" source="C:\Users\sun90\Documents\Pycharm\src\github.com\sarkarsun\PycharmProject\Tests\PassVariable\PassVariableAmazon.robot">
<test id="s1-t1" name="Verify basic search functionality for Amazon">
<kw name="Start TestCase">
<kw name="Open Browser" library="SeleniumLibrary">
<arg>${url}</arg>
<arg>${browser}</arg>
<doc>Opens a new browser instance to the optional ``url``.</doc>
<msg timestamp="20210414 23:55:35.943" level="INFO">Opening browser 'chrome' to base url 'https://www.amazon.de/'.</msg>
<status status="PASS" starttime="20210414 23:55:35.943" endtime="20210414 23:55:40.556"/>
</kw>
<kw name="Maximize Browser Window" library="SeleniumLibrary">
<doc>Maximizes current browser window.</doc>
<status status="PASS" starttime="20210414 23:55:40.556" endtime="20210414 23:55:41.982"/>
</kw>
<status status="PASS" starttime="20210414 23:55:35.943" endtime="20210414 23:55:41.982"/>
</kw>
<kw name="Verify Search result">
<kw name="Input Text" library="SeleniumLibrary">
<arg>id:twotabsearchtextbox</arg>
<arg>${search_text}</arg>
<doc>Types the given ``text`` into the text field identified by ``locator``.</doc>
<msg timestamp="20210414 23:55:41.990" level="INFO">Typing text 'Apple MacBook Pro' into text field 'id:twotabsearchtextbox'.</msg>
<status status="PASS" starttime="20210414 23:55:41.990" endtime="20210414 23:55:42.336"/>
</kw>
<kw name="Press Keys" library="SeleniumLibrary">
<arg>id:nav-search-submit-button</arg>
<arg>[return]</arg>
<doc>Simulates the user pressing key(s) to an element or on the active browser.</doc>
<msg timestamp="20210414 23:55:42.336" level="INFO">Sending key(s) ('[return]',) to id:nav-search-submit-button element.</msg>
<msg timestamp="20210414 23:55:44.971" level="INFO">Sending keys [return]</msg>
<status status="PASS" starttime="20210414 23:55:42.336" endtime="20210414 23:55:45.003"/>
</kw>
<kw name="Page Should Contain" library="SeleniumLibrary">
<arg>${search_text}</arg>
<doc>Verifies that current page contains ``text``.</doc>
<msg timestamp="20210414 23:55:46.030" level="INFO">Current page contains text 'Apple MacBook Pro'.</msg>
<status status="PASS" starttime="20210414 23:55:45.003" endtime="20210414 23:55:46.030"/>
</kw>
<kw name="Sleep" library="BuiltIn">
<arg>4s</arg>
<doc>Pauses the test executed for the given time.</doc>
<msg timestamp="20210414 23:55:50.058" level="INFO">Slept 4 seconds</msg>
<status status="PASS" starttime="20210414 23:55:46.030" endtime="20210414 23:55:50.058"/>
</kw>
<status status="PASS" starttime="20210414 23:55:41.982" endtime="20210414 23:55:50.058"/>
</kw>
<doc>This test case verifies the basic search</doc>
<tag>Functional</tag>
<status status="PASS" starttime="20210414 23:55:35.943" endtime="20210414 23:55:50.058"/>
</test>
<test id="s1-t2" name="Verify Advanced Search Functionality for Amazon">
<kw name="Verify Advanced Search Functionality">
<kw name="Click Element" library="SeleniumLibrary">
<arg>//*[@id="icp-nav-flyout"]/span</arg>
<doc>Click the element identified by ``locator``.</doc>
<msg timestamp="20210414 23:55:50.075" level="INFO">Clicking element '//*[@id="icp-nav-flyout"]/span'.</msg>
<status status="PASS" starttime="20210414 23:55:50.075" endtime="20210414 23:55:51.198"/>
</kw>
<kw name="Sleep" library="BuiltIn">
<arg>4s</arg>
<doc>Pauses the test executed for the given time.</doc>
<msg timestamp="20210414 23:55:55.201" level="INFO">Slept 4 seconds</msg>
<status status="PASS" starttime="20210414 23:55:51.198" endtime="20210414 23:55:55.201"/>
</kw>
<status status="PASS" starttime="20210414 23:55:50.075" endtime="20210414 23:55:55.201"/>
</kw>
<kw name="Finish TestCase">
<kw name="Close Browser" library="SeleniumLibrary">
<doc>Closes the current browser.</doc>
<status status="PASS" starttime="20210414 23:55:55.201" endtime="20210414 23:55:57.574"/>
</kw>
<status status="PASS" starttime="20210414 23:55:55.201" endtime="20210414 23:55:57.574"/>
</kw>
<doc>This test case verifies the Advanced search</doc>
<tag>Functional</tag>
<status status="PASS" starttime="20210414 23:55:50.074" endtime="20210414 23:55:57.574"/>
</test>
<doc>Basic Search Functionality</doc>
<status status="PASS" starttime="20210414 23:55:35.584" endtime="20210414 23:55:57.574"/>
</suite>
<statistics>
<total>
<stat pass="2" fail="0" skip="0">All Tests</stat>
</total>
<tag>
<stat pass="2" fail="0" skip="0">Functional</stat>
</tag>
<suite>
<stat pass="2" fail="0" skip="0" id="s1" name="PassVariableAmazon">PassVariableAmazon</stat>
</suite>
</statistics>
<errors>
</errors>
</robot>
