<?xml version="1.0" encoding="UTF-8"?>
<robot generator="Robot 4.0 (Python 3.9.2 on win32)" generated="20210409 16:01:34.189" rpa="false" schemaversion="2">
<suite id="s1" name="ListVariable" source="C:\Users\sun90\Documents\Pycharm\src\github.com\sarkarsun\PycharmProject\Tests\eBay\ListVariable.robot">
<test id="s1-t1" name="Verify basic search functionality for eBay">
<kw name="Start TestCase" library="eBay_CommonFunctionality" type="SETUP">
<kw name="Open Browser" library="SeleniumLibrary">
<arg>https://www.ebay.com/</arg>
<arg>chrome</arg>
<doc>Opens a new browser instance to the optional ``url``.</doc>
<msg timestamp="20210409 16:01:35.099" level="INFO">Opening browser 'chrome' to base url 'https://www.ebay.com/'.</msg>
<status status="PASS" starttime="20210409 16:01:35.094" endtime="20210409 16:01:41.578"/>
</kw>
<kw name="Maximize Browser Window" library="SeleniumLibrary">
<doc>Maximizes current browser window.</doc>
<status status="PASS" starttime="20210409 16:01:41.578" endtime="20210409 16:01:41.757"/>
</kw>
<status status="PASS" starttime="20210409 16:01:35.094" endtime="20210409 16:01:41.757"/>
</kw>
<kw name="Input Search Text and Click Search" library="HeaderPage2">
<kw name="Input Text" library="SeleniumLibrary">
<arg>id:gh-ac</arg>
<arg>${search_text}[4]</arg>
<doc>Types the given ``text`` into the text field identified by ``locator``.</doc>
<msg timestamp="20210409 16:01:41.762" level="INFO">Typing text 'Movies' into text field 'id:gh-ac'.</msg>
<status status="PASS" starttime="20210409 16:01:41.762" endtime="20210409 16:01:42.027"/>
</kw>
<kw name="Press Keys" library="SeleniumLibrary">
<arg>id:gh-btn</arg>
<arg>[Return]</arg>
<doc>Simulates the user pressing key(s) to an element or on the active browser.</doc>
<msg timestamp="20210409 16:01:42.027" level="INFO">Sending key(s) ('[Return]',) to id:gh-btn element.</msg>
<msg timestamp="20210409 16:01:49.199" level="INFO">Sending keys [Return]</msg>
<status status="PASS" starttime="20210409 16:01:42.027" endtime="20210409 16:01:49.294"/>
</kw>
<status status="PASS" starttime="20210409 16:01:41.762" endtime="20210409 16:01:49.294"/>
</kw>
<kw name="Verify Search Results" library="SearchResulteBay2">
<kw name="Page Should Contain" library="SeleniumLibrary">
<arg>${search_result} ${search_text}[4]</arg>
<doc>Verifies that current page contains ``text``.</doc>
<msg timestamp="20210409 16:01:49.344" level="INFO">Current page contains text 'results for Movies'.</msg>
<status status="PASS" starttime="20210409 16:01:49.294" endtime="20210409 16:01:49.344"/>
</kw>
<status status="PASS" starttime="20210409 16:01:49.294" endtime="20210409 16:01:49.344"/>
</kw>
<kw name="Finish TestCase" library="eBay_CommonFunctionality" type="TEARDOWN">
<kw name="Close Browser" library="SeleniumLibrary">
<doc>Closes the current browser.</doc>
<status status="PASS" starttime="20210409 16:01:49.344" endtime="20210409 16:01:51.762"/>
</kw>
<status status="PASS" starttime="20210409 16:01:49.344" endtime="20210409 16:01:51.762"/>
</kw>
<doc>This test case verifies the basic search</doc>
<tag>Functional</tag>
<status status="PASS" starttime="20210409 16:01:35.094" endtime="20210409 16:01:51.762"/>
</test>
<doc>Basic Search Functionality</doc>
<status status="PASS" starttime="20210409 16:01:34.199" endtime="20210409 16:01:51.768"/>
</suite>
<statistics>
<total>
<stat pass="1" fail="0" skip="0">All Tests</stat>
</total>
<tag>
<stat pass="1" fail="0" skip="0">Functional</stat>
</tag>
<suite>
<stat pass="1" fail="0" skip="0" id="s1" name="ListVariable">ListVariable</stat>
</suite>
</statistics>
<errors>
<msg timestamp="20210409 16:01:35.089" level="ERROR">Error in file 'C:\Users\sun90\Documents\Pycharm\src\github.com\sarkarsun\PycharmProject\Resources\eBay_ListVariable\SearchResulteBay2.robot' on line 3: Resource file 'HeaderPage1.robot' does not exist.</msg>
<msg timestamp="20210409 16:01:35.094" level="ERROR">Error in file 'C:\Users\sun90\Documents\Pycharm\src\github.com\sarkarsun\PycharmProject\Resources\eBay_ListVariable\SearchResulteBay2.robot' on line 5: Resource file 'Resources\eBay_ListVariable\HeaderPage2.robot' does not exist.</msg>
</errors>
</robot>
