<?xml version="1.0" encoding="UTF-8"?>
<robot generator="Robot 4.0 (Python 3.9.2 on win32)" generated="20210406 13:12:45.954" rpa="false" schemaversion="2">
<suite id="s1" name="GoogleSearch" source="C:\Users\sun90\Documents\Pycharm\src\github.com\sarkarsun\PycharmProject\Tests\Google\FunctionalTestSuite\GoogleSearch.robot">
<test id="s1-t1" name="This is sample test case">
<kw name="Open Browser" library="SeleniumLibrary">
<arg>http://www.google.com/</arg>
<arg>chrome</arg>
<doc>Opens a new browser instance to the optional ``url``.</doc>
<msg timestamp="20210406 13:12:46.314" level="INFO">Opening browser 'chrome' to base url 'http://www.google.com/'.</msg>
<status status="PASS" starttime="20210406 13:12:46.314" endtime="20210406 13:12:49.721"/>
</kw>
<kw name="Close Browser" library="SeleniumLibrary">
<doc>Closes the current browser.</doc>
<status status="PASS" starttime="20210406 13:12:49.723" endtime="20210406 13:12:52.105"/>
</kw>
<doc>Google test</doc>
<tag>regression</tag>
<status status="PASS" starttime="20210406 13:12:46.314" endtime="20210406 13:12:52.107"/>
</test>
<status status="PASS" starttime="20210406 13:12:45.959" endtime="20210406 13:12:52.112"/>
</suite>
<statistics>
<total>
<stat pass="1" fail="0" skip="0">All Tests</stat>
</total>
<tag>
<stat pass="1" fail="0" skip="0">regression</stat>
</tag>
<suite>
<stat pass="1" fail="0" skip="0" id="s1" name="GoogleSearch">GoogleSearch</stat>
</suite>
</statistics>
<errors>
</errors>
</robot>
