<?xml version="1.0" encoding="UTF-8"?>
<robot generator="Robot 4.0 (Python 3.9.2 on win32)" generated="20210416 20:25:03.769" rpa="false" schemaversion="2">
<suite id="s1" name="RadioButton" source="C:\Users\sun90\Documents\Pycharm\src\github.com\sarkarsun\PycharmProject\Tests\RadioButton\RadioButton.robot">
<test id="s1-t1" name="Verify basic functionality for Webelements">
<kw name="Open Browser" library="SeleniumLibrary">
<arg>https://www.sugarcrm.com/uk/request-demo/</arg>
<arg>chrome</arg>
<doc>Opens a new browser instance to the optional ``url``.</doc>
<msg timestamp="20210416 20:25:04.114" level="INFO">Opening browser 'chrome' to base url 'https://www.sugarcrm.com/uk/request-demo/'.</msg>
<status status="PASS" starttime="20210416 20:25:04.114" endtime="20210416 20:25:07.514"/>
</kw>
<kw name="Maximize Browser Window" library="SeleniumLibrary">
<doc>Maximizes current browser window.</doc>
<status status="PASS" starttime="20210416 20:25:07.517" endtime="20210416 20:25:07.736"/>
</kw>
<kw name="Sleep" library="BuiltIn">
<arg>4s</arg>
<doc>Pauses the test executed for the given time.</doc>
<msg timestamp="20210416 20:25:11.743" level="INFO">Slept 4 seconds</msg>
<status status="PASS" starttime="20210416 20:25:07.739" endtime="20210416 20:25:11.743"/>
</kw>
<kw name="Page Should Contain Radio Button" library="SeleniumLibrary">
<arg>xpath://*[@id="doi0"]</arg>
<doc>Verifies radio button ``locator`` is found from current page.</doc>
<msg timestamp="20210416 20:25:11.791" level="INFO">Current page contains radio button 'xpath://*[@id="doi0"]'.</msg>
<status status="PASS" starttime="20210416 20:25:11.743" endtime="20210416 20:25:11.791"/>
</kw>
<kw name="Page Should Not Contain Radio Button" library="SeleniumLibrary">
<arg>xpath://*[@id="doi00"]</arg>
<doc>Verifies radio button ``locator`` is not found from current page.</doc>
<msg timestamp="20210416 20:25:11.807" level="INFO">Current page does not contain radio button 'xpath://*[@id="doi00"]'.</msg>
<status status="PASS" starttime="20210416 20:25:11.791" endtime="20210416 20:25:11.807"/>
</kw>
<kw name="Radio Button Should Not Be Selected" library="SeleniumLibrary">
<arg>doi</arg>
<doc>Verifies radio button group ``group_name`` has no selection.</doc>
<msg timestamp="20210416 20:25:11.808" level="INFO">Verifying radio button 'doi' has no selection.</msg>
<status status="PASS" starttime="20210416 20:25:11.808" endtime="20210416 20:25:11.846"/>
</kw>
<kw name="Scroll Element Into View" library="SeleniumLibrary">
<arg>xpath://*[@id="field1"]/div/input</arg>
<doc>Scrolls the element identified by ``locator`` into view.</doc>
<status status="PASS" starttime="20210416 20:25:11.847" endtime="20210416 20:25:12.154"/>
</kw>
<kw name="Select Radio Button" library="SeleniumLibrary">
<arg>doi</arg>
<arg>0</arg>
<doc>Sets the radio button group ``group_name`` to ``value``.</doc>
<msg timestamp="20210416 20:25:12.157" level="INFO">Selecting '0' from radio button 'doi'.</msg>
<status status="PASS" starttime="20210416 20:25:12.156" endtime="20210416 20:25:12.248"/>
</kw>
<kw name="Sleep" library="BuiltIn">
<arg>4s</arg>
<doc>Pauses the test executed for the given time.</doc>
<msg timestamp="20210416 20:25:16.262" level="INFO">Slept 4 seconds</msg>
<status status="PASS" starttime="20210416 20:25:12.249" endtime="20210416 20:25:16.262"/>
</kw>
<kw name="Radio Button Should Be Set To" library="SeleniumLibrary">
<arg>doi</arg>
<arg>0</arg>
<doc>Verifies radio button group ``group_name`` is set to ``value``.</doc>
<msg timestamp="20210416 20:25:16.262" level="INFO">Verifying radio button 'doi' has selection '0'.</msg>
<status status="PASS" starttime="20210416 20:25:16.262" endtime="20210416 20:25:16.292"/>
</kw>
<kw name="Close Browser" library="SeleniumLibrary">
<doc>Closes the current browser.</doc>
<status status="PASS" starttime="20210416 20:25:16.297" endtime="20210416 20:25:20.204"/>
</kw>
<doc>This test case verifies the functionality of the Webelements</doc>
<tag>Functional</tag>
<status status="PASS" starttime="20210416 20:25:04.114" endtime="20210416 20:25:20.206"/>
</test>
<doc>Basic Functionality</doc>
<status status="PASS" starttime="20210416 20:25:03.773" endtime="20210416 20:25:20.211"/>
</suite>
<statistics>
<total>
<stat pass="1" fail="0" skip="0">All Tests</stat>
</total>
<tag>
<stat pass="1" fail="0" skip="0">Functional</stat>
</tag>
<suite>
<stat pass="1" fail="0" skip="0" id="s1" name="RadioButton">RadioButton</stat>
</suite>
</statistics>
<errors>
</errors>
</robot>
