<?xml version="1.0" encoding="UTF-8"?>
<robot generator="Robot 4.0 (Python 3.9.2 on win32)" generated="20210409 11:08:31.086" rpa="false" schemaversion="2">
<suite id="s1" name="BasicSearch" source="C:\Users\sun90\Documents\Pycharm\src\github.com\sarkarsun\PycharmProject\Tests\eBay\BasicSearch.robot">
<test id="s1-t1" name="Verify basic search functionality for eBay">
<kw name="Open Browser" library="SeleniumLibrary">
<arg>https://www.ebay.com</arg>
<arg>chrome</arg>
<doc>Opens a new browser instance to the optional ``url``.</doc>
<msg timestamp="20210409 11:08:32.111" level="INFO">Opening browser 'chrome' to base url 'https://www.ebay.com'.</msg>
<status status="PASS" starttime="20210409 11:08:32.111" endtime="20210409 11:08:36.529"/>
</kw>
<kw name="Input Text" library="SeleniumLibrary">
<arg>//*[@id="gh-ac"]</arg>
<arg>mobile</arg>
<doc>Types the given ``text`` into the text field identified by ``locator``.</doc>
<msg timestamp="20210409 11:08:36.544" level="INFO">Typing text 'mobile' into text field '//*[@id="gh-ac"]'.</msg>
<status status="PASS" starttime="20210409 11:08:36.544" endtime="20210409 11:08:36.812"/>
</kw>
<kw name="Press Keys" library="SeleniumLibrary">
<arg>//*[@id="gh-btn"]</arg>
<arg>[Return]</arg>
<doc>Simulates the user pressing key(s) to an element or on the active browser.</doc>
<msg timestamp="20210409 11:08:36.817" level="INFO">Sending key(s) ('[Return]',) to //*[@id="gh-btn"] element.</msg>
<msg timestamp="20210409 11:08:40.259" level="INFO">Sending keys [Return]</msg>
<status status="PASS" starttime="20210409 11:08:36.812" endtime="20210409 11:08:40.299"/>
</kw>
<kw name="Page Should Contain" library="SeleniumLibrary">
<arg>results for mobile</arg>
<doc>Verifies that current page contains ``text``.</doc>
<msg timestamp="20210409 11:08:40.354" level="INFO">Current page contains text 'results for mobile'.</msg>
<status status="PASS" starttime="20210409 11:08:40.299" endtime="20210409 11:08:40.354"/>
</kw>
<kw name="Close Browser" library="SeleniumLibrary">
<doc>Closes the current browser.</doc>
<status status="PASS" starttime="20210409 11:08:40.354" endtime="20210409 11:08:42.913"/>
</kw>
<doc>This test case verifies the basic search</doc>
<tag>Functional</tag>
<status status="PASS" starttime="20210409 11:08:32.106" endtime="20210409 11:08:42.918"/>
</test>
<doc>Basic Search Functionality</doc>
<status status="PASS" starttime="20210409 11:08:31.101" endtime="20210409 11:08:42.958"/>
</suite>
<statistics>
<total>
<stat pass="1" fail="0" skip="0">All Tests</stat>
</total>
<tag>
<stat pass="1" fail="0" skip="0">Functional</stat>
</tag>
<suite>
<stat pass="1" fail="0" skip="0" id="s1" name="BasicSearch">BasicSearch</stat>
</suite>
</statistics>
<errors>
</errors>
</robot>
