<?xml version="1.0" encoding="UTF-8"?>
<robot generator="Robot 4.0 (Python 3.9.2 on win32)" generated="20210409 16:17:12.498" rpa="false" schemaversion="2">
<suite id="s1" name="DictionaryVariable" source="C:\Users\sun90\Documents\Pycharm\src\github.com\sarkarsun\PycharmProject\Tests\eBay\DictionaryVariable.robot">
<test id="s1-t1" name="Verify basic search functionality for eBay">
<kw name="Start TestCase" library="eBay_CommonFunctionality" type="SETUP">
<kw name="Open Browser" library="SeleniumLibrary">
<arg>https://www.ebay.com/</arg>
<arg>chrome</arg>
<doc>Opens a new browser instance to the optional ``url``.</doc>
<msg timestamp="20210409 16:17:13.436" level="INFO">Opening browser 'chrome' to base url 'https://www.ebay.com/'.</msg>
<status status="PASS" starttime="20210409 16:17:13.436" endtime="20210409 16:17:17.564"/>
</kw>
<kw name="Maximize Browser Window" library="SeleniumLibrary">
<doc>Maximizes current browser window.</doc>
<status status="PASS" starttime="20210409 16:17:17.564" endtime="20210409 16:17:17.729"/>
</kw>
<status status="PASS" starttime="20210409 16:17:13.436" endtime="20210409 16:17:17.729"/>
</kw>
<kw name="Input Search Text and Click Search" library="HeaderPage3">
<kw name="Input Text" library="SeleniumLibrary">
<arg>id:gh-ac</arg>
<arg>${search_text.bcd}</arg>
<doc>Types the given ``text`` into the text field identified by ``locator``.</doc>
<msg timestamp="20210409 16:17:17.734" level="INFO">Typing text 'Robot' into text field 'id:gh-ac'.</msg>
<status status="PASS" starttime="20210409 16:17:17.734" endtime="20210409 16:17:18.144"/>
</kw>
<kw name="Press Keys" library="SeleniumLibrary">
<arg>id:gh-btn</arg>
<arg>[Return]</arg>
<doc>Simulates the user pressing key(s) to an element or on the active browser.</doc>
<msg timestamp="20210409 16:17:18.144" level="INFO">Sending key(s) ('[Return]',) to id:gh-btn element.</msg>
<msg timestamp="20210409 16:17:21.703" level="INFO">Sending keys [Return]</msg>
<status status="PASS" starttime="20210409 16:17:18.144" endtime="20210409 16:17:21.798"/>
</kw>
<status status="PASS" starttime="20210409 16:17:17.734" endtime="20210409 16:17:21.798"/>
</kw>
<kw name="Verify Search Results" library="SearchResults3">
<kw name="Page Should Contain" library="SeleniumLibrary">
<arg>${search_result} ${search_text.bcd}</arg>
<doc>Verifies that current page contains ``text``.</doc>
<msg timestamp="20210409 16:17:21.838" level="INFO">Current page contains text 'results for Robot'.</msg>
<status status="PASS" starttime="20210409 16:17:21.798" endtime="20210409 16:17:21.838"/>
</kw>
<status status="PASS" starttime="20210409 16:17:21.798" endtime="20210409 16:17:21.838"/>
</kw>
<kw name="Finish TestCase" library="eBay_CommonFunctionality" type="TEARDOWN">
<kw name="Close Browser" library="SeleniumLibrary">
<doc>Closes the current browser.</doc>
<status status="PASS" starttime="20210409 16:17:21.838" endtime="20210409 16:17:24.250"/>
</kw>
<status status="PASS" starttime="20210409 16:17:21.838" endtime="20210409 16:17:24.250"/>
</kw>
<doc>This test case verifies the basic search</doc>
<tag>Functional</tag>
<status status="PASS" starttime="20210409 16:17:13.431" endtime="20210409 16:17:24.250"/>
</test>
<doc>Basic Search Functionality</doc>
<status status="PASS" starttime="20210409 16:17:12.503" endtime="20210409 16:17:24.255"/>
</suite>
<statistics>
<total>
<stat pass="1" fail="0" skip="0">All Tests</stat>
</total>
<tag>
<stat pass="1" fail="0" skip="0">Functional</stat>
</tag>
<suite>
<stat pass="1" fail="0" skip="0" id="s1" name="DictionaryVariable">DictionaryVariable</stat>
</suite>
</statistics>
<errors>
<msg timestamp="20210409 16:17:13.421" level="ERROR">Error in file 'C:\Users\sun90\Documents\Pycharm\src\github.com\sarkarsun\PycharmProject\Resources\eBay_DictionaryVariable\SearchResults3.robot' on line 3: Resource file 'Resources\eBay_DictionaryVariable\HeaderPage3.robot' does not exist.</msg>
</errors>
</robot>
