<?xml version="1.0" encoding="UTF-8"?>
<robot generator="Robot 4.0 (Python 3.9.2 on win32)" generated="20210409 11:55:01.419" rpa="false" schemaversion="2">
<suite id="s1" name="BasicSearch2" source="C:\Users\sun90\Documents\Pycharm\src\github.com\sarkarsun\PycharmProject\Tests\eBay\BasicSearch2.robot">
<test id="s1-t1" name="Verify basic search functionality for eBay">
<kw name="Start TestCase" library="eBay_CommonFunctionality" type="SETUP">
<kw name="Open Browser" library="SeleniumLibrary">
<arg>https://www.ebay.com/</arg>
<arg>chrome</arg>
<doc>Opens a new browser instance to the optional ``url``.</doc>
<msg timestamp="20210409 11:55:01.770" level="INFO">Opening browser 'chrome' to base url 'https://www.ebay.com/'.</msg>
<status status="PASS" starttime="20210409 11:55:01.770" endtime="20210409 11:55:06.348"/>
</kw>
<kw name="Maximize Browser Window" library="SeleniumLibrary">
<doc>Maximizes current browser window.</doc>
<status status="PASS" starttime="20210409 11:55:06.349" endtime="20210409 11:55:06.659"/>
</kw>
<status status="PASS" starttime="20210409 11:55:01.770" endtime="20210409 11:55:06.668"/>
</kw>
<kw name="Verify Search Results" library="eBay_UserDefinedKeywords">
<kw name="Input Text" library="SeleniumLibrary">
<arg>id:gh-ac</arg>
<arg>mobile</arg>
<doc>Types the given ``text`` into the text field identified by ``locator``.</doc>
<msg timestamp="20210409 11:55:06.677" level="INFO">Typing text 'mobile' into text field 'id:gh-ac'.</msg>
<status status="PASS" starttime="20210409 11:55:06.675" endtime="20210409 11:55:06.841"/>
</kw>
<kw name="Press Keys" library="SeleniumLibrary">
<arg>id:gh-btn</arg>
<arg>[Return]</arg>
<doc>Simulates the user pressing key(s) to an element or on the active browser.</doc>
<msg timestamp="20210409 11:55:06.842" level="INFO">Sending key(s) ('[Return]',) to id:gh-btn element.</msg>
<msg timestamp="20210409 11:55:10.397" level="INFO">Sending keys [Return]</msg>
<status status="PASS" starttime="20210409 11:55:06.841" endtime="20210409 11:55:10.497"/>
</kw>
<kw name="Page Should Contain" library="SeleniumLibrary">
<arg>results for mobile</arg>
<doc>Verifies that current page contains ``text``.</doc>
<msg timestamp="20210409 11:55:10.597" level="INFO">Current page contains text 'results for mobile'.</msg>
<status status="PASS" starttime="20210409 11:55:10.498" endtime="20210409 11:55:10.597"/>
</kw>
<status status="PASS" starttime="20210409 11:55:06.673" endtime="20210409 11:55:10.598"/>
</kw>
<kw name="Finish TestCase" library="eBay_CommonFunctionality" type="TEARDOWN">
<kw name="Close Browser" library="SeleniumLibrary">
<doc>Closes the current browser.</doc>
<status status="PASS" starttime="20210409 11:55:10.601" endtime="20210409 11:55:14.128"/>
</kw>
<status status="PASS" starttime="20210409 11:55:10.600" endtime="20210409 11:55:14.128"/>
</kw>
<doc>This test case verifies the basic search</doc>
<tag>Functional</tag>
<status status="PASS" starttime="20210409 11:55:01.770" endtime="20210409 11:55:14.131"/>
</test>
<test id="s1-t2" name="Verify Advanced search functionality for eBay">
<kw name="Start TestCase" library="eBay_CommonFunctionality" type="SETUP">
<kw name="Open Browser" library="SeleniumLibrary">
<arg>https://www.ebay.com/</arg>
<arg>chrome</arg>
<doc>Opens a new browser instance to the optional ``url``.</doc>
<msg timestamp="20210409 11:55:14.156" level="INFO">Opening browser 'chrome' to base url 'https://www.ebay.com/'.</msg>
<status status="PASS" starttime="20210409 11:55:14.156" endtime="20210409 11:55:18.239"/>
</kw>
<kw name="Maximize Browser Window" library="SeleniumLibrary">
<doc>Maximizes current browser window.</doc>
<status status="PASS" starttime="20210409 11:55:18.239" endtime="20210409 11:55:18.390"/>
</kw>
<status status="PASS" starttime="20210409 11:55:14.141" endtime="20210409 11:55:18.390"/>
</kw>
<kw name="Click on Advanced Search Link" library="eBay_UserDefinedKeywords">
<kw name="Click Element" library="SeleniumLibrary">
<arg>id:gh-as-a</arg>
<doc>Click the element identified by ``locator``.</doc>
<msg timestamp="20210409 11:55:18.395" level="INFO">Clicking element 'id:gh-as-a'.</msg>
<status status="PASS" starttime="20210409 11:55:18.393" endtime="20210409 11:55:19.474"/>
</kw>
<status status="PASS" starttime="20210409 11:55:18.391" endtime="20210409 11:55:19.475"/>
</kw>
<kw name="Finish TestCase" library="eBay_CommonFunctionality" type="TEARDOWN">
<kw name="Close Browser" library="SeleniumLibrary">
<doc>Closes the current browser.</doc>
<status status="PASS" starttime="20210409 11:55:19.478" endtime="20210409 11:55:21.750"/>
</kw>
<status status="PASS" starttime="20210409 11:55:19.476" endtime="20210409 11:55:21.751"/>
</kw>
<doc>This test case verifies the Advanced search</doc>
<tag>Functional</tag>
<status status="PASS" starttime="20210409 11:55:14.136" endtime="20210409 11:55:21.752"/>
</test>
<doc>Basic Search Functionality</doc>
<status status="PASS" starttime="20210409 11:55:01.424" endtime="20210409 11:55:21.759"/>
</suite>
<statistics>
<total>
<stat pass="2" fail="0" skip="0">All Tests</stat>
</total>
<tag>
<stat pass="2" fail="0" skip="0">Functional</stat>
</tag>
<suite>
<stat pass="2" fail="0" skip="0" id="s1" name="BasicSearch2">BasicSearch2</stat>
</suite>
</statistics>
<errors>
</errors>
</robot>
