<?xml version="1.0" encoding="UTF-8"?>
<robot generator="Robot 4.0 (Python 3.9.2 on win32)" generated="20210406 18:09:35.418" rpa="false" schemaversion="2">
<suite id="s1" name="BasicSearch3" source="C:\Users\sun90\Documents\Pycharm\src\github.com\sarkarsun\PycharmProject\Tests\Amazon\BasicSearch3.robot">
<test id="s1-t1" name="Verify basic search functionality for Amazon">
<kw name="Start TestCase" library="CommonFunctionality" type="SETUP">
<kw name="Open Browser" library="SeleniumLibrary">
<arg>https://www.amazon.de/</arg>
<arg>chrome</arg>
<doc>Opens a new browser instance to the optional ``url``.</doc>
<msg timestamp="20210406 18:09:35.780" level="INFO">Opening browser 'chrome' to base url 'https://www.amazon.de/'.</msg>
<status status="PASS" starttime="20210406 18:09:35.780" endtime="20210406 18:09:43.389"/>
</kw>
<kw name="Maximize Browser Window" library="SeleniumLibrary">
<doc>Maximizes current browser window.</doc>
<status status="PASS" starttime="20210406 18:09:43.390" endtime="20210406 18:09:44.568"/>
</kw>
<status status="PASS" starttime="20210406 18:09:35.780" endtime="20210406 18:09:44.569"/>
</kw>
<kw name="Verify Search Results" library="Amazon_UserDefinedKeywords">
<kw name="Input Text" library="SeleniumLibrary">
<arg>id:twotabsearchtextbox</arg>
<arg>iphone 12 pro</arg>
<doc>Types the given ``text`` into the text field identified by ``locator``.</doc>
<msg timestamp="20210406 18:09:44.571" level="INFO">Typing text 'iphone 12 pro' into text field 'id:twotabsearchtextbox'.</msg>
<status status="PASS" starttime="20210406 18:09:44.570" endtime="20210406 18:09:45.062"/>
</kw>
<kw name="Press Keys" library="SeleniumLibrary">
<arg>id: nav-search-submit-button</arg>
<arg>[Return]</arg>
<doc>Simulates the user pressing key(s) to an element or on the active browser.</doc>
<msg timestamp="20210406 18:09:45.063" level="INFO">Sending key(s) ('[Return]',) to id: nav-search-submit-button element.</msg>
<msg timestamp="20210406 18:09:48.574" level="INFO">Sending keys [Return]</msg>
<status status="PASS" starttime="20210406 18:09:45.063" endtime="20210406 18:09:48.649"/>
</kw>
<kw name="Page Should Contain" library="SeleniumLibrary">
<arg>iphone 12 pro</arg>
<doc>Verifies that current page contains ``text``.</doc>
<msg timestamp="20210406 18:09:48.699" level="INFO">Current page contains text 'iphone 12 pro'.</msg>
<status status="PASS" starttime="20210406 18:09:48.650" endtime="20210406 18:09:48.699"/>
</kw>
<status status="PASS" starttime="20210406 18:09:44.570" endtime="20210406 18:09:48.699"/>
</kw>
<kw name="Finish TestCase" library="CommonFunctionality" type="TEARDOWN">
<kw name="Close Browser" library="SeleniumLibrary">
<doc>Closes the current browser.</doc>
<status status="PASS" starttime="20210406 18:09:48.701" endtime="20210406 18:09:51.074"/>
</kw>
<status status="PASS" starttime="20210406 18:09:48.700" endtime="20210406 18:09:51.074"/>
</kw>
<doc>This test case verifies the basic search</doc>
<tag>Functional</tag>
<status status="PASS" starttime="20210406 18:09:35.775" endtime="20210406 18:09:51.074"/>
</test>
<doc>Basic Search Functionality</doc>
<status status="PASS" starttime="20210406 18:09:35.428" endtime="20210406 18:09:51.074"/>
</suite>
<statistics>
<total>
<stat pass="1" fail="0" skip="0">All Tests</stat>
</total>
<tag>
<stat pass="1" fail="0" skip="0">Functional</stat>
</tag>
<suite>
<stat pass="1" fail="0" skip="0" id="s1" name="BasicSearch3">BasicSearch3</stat>
</suite>
</statistics>
<errors>
</errors>
</robot>
