<?xml version="1.0" encoding="UTF-8"?>
<robot generator="Robot 4.0 (Python 3.9.2 on win32)" generated="20210416 14:26:50.200" rpa="false" schemaversion="2">
<suite id="s1" name="ClickWebElements" source="C:\Users\sun90\Documents\Pycharm\src\github.com\sarkarsun\PycharmProject\Tests\ClickWebElements\ClickWebElements.robot">
<test id="s1-t1" name="Verify basic functionality for Amazon">
<kw name="Start TestCase">
<kw name="Open Browser" library="SeleniumLibrary">
<arg>${url}</arg>
<arg>${browser}</arg>
<doc>Opens a new browser instance to the optional ``url``.</doc>
<msg timestamp="20210416 14:26:50.548" level="INFO">Opening browser 'chrome' to base url 'https://www.amazon.de/'.</msg>
<status status="PASS" starttime="20210416 14:26:50.548" endtime="20210416 14:26:55.459"/>
</kw>
<kw name="Maximize Browser Window" library="SeleniumLibrary">
<doc>Maximizes current browser window.</doc>
<status status="PASS" starttime="20210416 14:26:55.459" endtime="20210416 14:26:57.198"/>
</kw>
<status status="PASS" starttime="20210416 14:26:50.547" endtime="20210416 14:26:57.199"/>
</kw>
<kw name="Click Weblink">
<kw name="Click Link" library="SeleniumLibrary">
<arg>partial link:Bests</arg>
<doc>Clicks a link identified by ``locator``.</doc>
<msg timestamp="20210416 14:26:57.201" level="INFO">Clicking link 'partial link:Bests'.</msg>
<status status="PASS" starttime="20210416 14:26:57.201" endtime="20210416 14:26:59.071"/>
</kw>
<kw name="Sleep" library="BuiltIn">
<arg>4s</arg>
<doc>Pauses the test executed for the given time.</doc>
<msg timestamp="20210416 14:27:03.076" level="INFO">Slept 4 seconds</msg>
<status status="PASS" starttime="20210416 14:26:59.072" endtime="20210416 14:27:03.076"/>
</kw>
<status status="PASS" starttime="20210416 14:26:57.200" endtime="20210416 14:27:03.077"/>
</kw>
<kw name="Finish TestCase">
<kw name="Close Browser" library="SeleniumLibrary">
<doc>Closes the current browser.</doc>
<status status="PASS" starttime="20210416 14:27:03.078" endtime="20210416 14:27:05.561"/>
</kw>
<status status="PASS" starttime="20210416 14:27:03.077" endtime="20210416 14:27:05.561"/>
</kw>
<doc>This test case verifies the basic functionality</doc>
<tag>Functional</tag>
<status status="PASS" starttime="20210416 14:26:50.546" endtime="20210416 14:27:05.564"/>
</test>
<doc>Basic Search Functionality</doc>
<status status="PASS" starttime="20210416 14:26:50.203" endtime="20210416 14:27:05.566"/>
</suite>
<statistics>
<total>
<stat pass="1" fail="0" skip="0">All Tests</stat>
</total>
<tag>
<stat pass="1" fail="0" skip="0">Functional</stat>
</tag>
<suite>
<stat pass="1" fail="0" skip="0" id="s1" name="ClickWebElements">ClickWebElements</stat>
</suite>
</statistics>
<errors>
</errors>
</robot>
