<?xml version="1.0" encoding="UTF-8"?>
<robot generator="Robot 4.0 (Python 3.9.2 on win32)" generated="20210415 21:48:42.203" rpa="false" schemaversion="2">
<suite id="s1" name="RefactorLocatorsWeb" source="C:\Users\sun90\Documents\Pycharm\src\github.com\sarkarsun\PycharmProject\Tests\RefactorLocators\RefactorLocatorsWeb.robot">
<test id="s1-t1" name="Verify basic search functionality for Amazon">
<kw name="Start TestCase">
<kw name="Open Browser" library="SeleniumLibrary">
<arg>${HomePageURL}</arg>
<arg>${HomePageBrowser}</arg>
<doc>Opens a new browser instance to the optional ``url``.</doc>
<msg timestamp="20210415 21:48:42.657" level="INFO">Opening browser 'chrome' to base url 'https://www.amazon.de/'.</msg>
<status status="PASS" starttime="20210415 21:48:42.652" endtime="20210415 21:48:47.462"/>
</kw>
<kw name="Maximize Browser Window" library="SeleniumLibrary">
<doc>Maximizes current browser window.</doc>
<status status="PASS" starttime="20210415 21:48:47.462" endtime="20210415 21:48:48.953"/>
</kw>
<status status="PASS" starttime="20210415 21:48:42.652" endtime="20210415 21:48:48.953"/>
</kw>
<kw name="Verify Search result">
<kw name="Input Text" library="SeleniumLibrary">
<arg>${HomePageSearchTextBox}</arg>
<arg>${HomePageSearchText}</arg>
<doc>Types the given ``text`` into the text field identified by ``locator``.</doc>
<msg timestamp="20210415 21:48:48.957" level="INFO">Typing text 'Apple MacBook Pro' into text field 'id:twotabsearchtextbox'.</msg>
<status status="PASS" starttime="20210415 21:48:48.956" endtime="20210415 21:48:51.073"/>
</kw>
<kw name="Press Keys" library="SeleniumLibrary">
<arg>${HomePageSearchButton}</arg>
<arg>[return]</arg>
<doc>Simulates the user pressing key(s) to an element or on the active browser.</doc>
<msg timestamp="20210415 21:48:51.075" level="INFO">Sending key(s) ('[return]',) to id:nav-search-submit-button element.</msg>
<msg timestamp="20210415 21:48:53.767" level="INFO">Sending keys [return]</msg>
<status status="PASS" starttime="20210415 21:48:51.074" endtime="20210415 21:48:53.830"/>
</kw>
<kw name="Page Should Contain" library="SeleniumLibrary">
<arg>${HomePageSearchText}</arg>
<doc>Verifies that current page contains ``text``.</doc>
<msg timestamp="20210415 21:48:53.896" level="INFO">Current page contains text 'Apple MacBook Pro'.</msg>
<status status="PASS" starttime="20210415 21:48:53.830" endtime="20210415 21:48:53.896"/>
</kw>
<kw name="Sleep" library="BuiltIn">
<arg>4s</arg>
<doc>Pauses the test executed for the given time.</doc>
<msg timestamp="20210415 21:48:57.911" level="INFO">Slept 4 seconds</msg>
<status status="PASS" starttime="20210415 21:48:53.896" endtime="20210415 21:48:57.911"/>
</kw>
<status status="PASS" starttime="20210415 21:48:48.955" endtime="20210415 21:48:57.911"/>
</kw>
<doc>This test case verifies the basic search</doc>
<tag>Functional</tag>
<status status="PASS" starttime="20210415 21:48:42.652" endtime="20210415 21:48:57.911"/>
</test>
<test id="s1-t2" name="Verify Advanced Search Functionality for Amazon">
<kw name="Verify Advanced Search Functionality">
<kw name="Click Element" library="SeleniumLibrary">
<arg>${HomePageAdvancedFunc}</arg>
<doc>Click the element identified by ``locator``.</doc>
<msg timestamp="20210415 21:48:57.916" level="INFO">Clicking element 'xpath://*[@id='icp-nav-flyout']/span'.</msg>
<status status="PASS" starttime="20210415 21:48:57.916" endtime="20210415 21:48:59.484"/>
</kw>
<kw name="Sleep" library="BuiltIn">
<arg>4s</arg>
<doc>Pauses the test executed for the given time.</doc>
<msg timestamp="20210415 21:49:03.499" level="INFO">Slept 4 seconds</msg>
<status status="PASS" starttime="20210415 21:48:59.484" endtime="20210415 21:49:03.499"/>
</kw>
<status status="PASS" starttime="20210415 21:48:57.916" endtime="20210415 21:49:03.499"/>
</kw>
<kw name="Finish TestCase">
<kw name="Close Browser" library="SeleniumLibrary">
<doc>Closes the current browser.</doc>
<status status="PASS" starttime="20210415 21:49:03.499" endtime="20210415 21:49:05.908"/>
</kw>
<status status="PASS" starttime="20210415 21:49:03.499" endtime="20210415 21:49:05.908"/>
</kw>
<doc>This test case verifies the Advanced search</doc>
<tag>Functional</tag>
<status status="PASS" starttime="20210415 21:48:57.911" endtime="20210415 21:49:05.908"/>
</test>
<doc>Basic Search Functionality</doc>
<status status="PASS" starttime="20210415 21:48:42.208" endtime="20210415 21:49:05.918"/>
</suite>
<statistics>
<total>
<stat pass="2" fail="0" skip="0">All Tests</stat>
</total>
<tag>
<stat pass="2" fail="0" skip="0">Functional</stat>
</tag>
<suite>
<stat pass="2" fail="0" skip="0" id="s1" name="RefactorLocatorsWeb">RefactorLocatorsWeb</stat>
</suite>
</statistics>
<errors>
</errors>
</robot>
