<?xml version="1.0" encoding="UTF-8"?>
<robot generator="Robot 4.0 (Python 3.9.2 on win32)" generated="20210406 13:02:03.084" rpa="false" schemaversion="2">
<suite id="s1" name="BrowserInvoking" source="C:\Users\sun90\Documents\Pycharm\src\github.com\sarkarsun\PycharmProject\Tests\Google\FunctionalTestSuite\BrowserInvoking.robot">
<test id="s1-t1" name="Open and Close Browser">
<kw name="Open Browser" library="SeleniumLibrary">
<arg>${URL}</arg>
<arg>${Browser}</arg>
<doc>Opens a new browser instance to the optional ``url``.</doc>
<msg timestamp="20210406 13:02:03.442" level="INFO">Opening browser 'Chrome' to base url 'http://www.google.com'.</msg>
<status status="PASS" starttime="20210406 13:02:03.442" endtime="20210406 13:02:06.891"/>
</kw>
<kw name="Close Browser" library="SeleniumLibrary">
<doc>Closes the current browser.</doc>
<status status="PASS" starttime="20210406 13:02:06.891" endtime="20210406 13:02:09.199"/>
</kw>
<status status="PASS" starttime="20210406 13:02:03.442" endtime="20210406 13:02:09.199"/>
</test>
<status status="PASS" starttime="20210406 13:02:03.089" endtime="20210406 13:02:09.204"/>
</suite>
<statistics>
<total>
<stat pass="1" fail="0" skip="0">All Tests</stat>
</total>
<tag>
</tag>
<suite>
<stat pass="1" fail="0" skip="0" id="s1" name="BrowserInvoking">BrowserInvoking</stat>
</suite>
</statistics>
<errors>
</errors>
</robot>
